2021/07/25 18:00:04,123 [INFO] [org.springframework.boot.StartupInfoLogger] [main]- Starting MybatisApplication using Java 1.8.0_282 on 조주현-LAPTOP with PID 6888 (D:\study\mybatis\workspace\mybatis\target\classes started by choju in D:\study\mybatis\workspace\mybatis)
2021/07/25 18:00:04,131 [INFO] [org.springframework.boot.SpringApplication] [main]- No active profile set, falling back to default profiles: default
2021/07/25 18:00:05,295 [INFO] [com.zaxxer.hikari.HikariDataSource] [main]- HikariPool-1 - Starting...
2021/07/25 18:00:05,502 [INFO] [com.zaxxer.hikari.pool.PoolBase] [main]- HikariPool-1 - Driver does not support get/set network timeout for connections. (net.sf.log4jdbc.sql.jdbcapi.ConnectionSpy.getNetworkTimeout()I)
2021/07/25 18:00:05,539 [INFO] [net.sf.log4jdbc.log.slf4j.Slf4jSpyLogDelegator] [main]- SELECT 1
 {executed in 14 msec}
2021/07/25 18:00:05,541 [INFO] [com.zaxxer.hikari.HikariDataSource] [main]- HikariPool-1 - Start completed.
2021/07/25 18:00:05,550 [INFO] [net.sf.log4jdbc.log.slf4j.Slf4jSpyLogDelegator] [main]- DROP TABLE IF EXISTS board
 {executed in 3 msec}
2021/07/25 18:00:05,552 [INFO] [net.sf.log4jdbc.log.slf4j.Slf4jSpyLogDelegator] [main]- CREATE TABLE IF NOT EXISTS board ( id integer NOT NULL , title varchar( 255 ) NOT null , content varchar( 4000 ) , userId varchar( 255 ) , regDate timestamp , primary key( id ) )
 {executed in 2 msec}
2021/07/25 18:00:05,565 [INFO] [net.sf.log4jdbc.log.slf4j.Slf4jSpyLogDelegator] [main]- INSERT INTO board values( 1, '제목1', '내용1', 'user1', CURRENT_TIMESTAMP() )
 {executed in 9 msec}
2021/07/25 18:00:05,566 [INFO] [net.sf.log4jdbc.log.slf4j.Slf4jSpyLogDelegator] [main]- INSERT INTO board values( 2, '제목2', '내용2', 'user2', CURRENT_TIMESTAMP() )
 {executed in 0 msec}
2021/07/25 18:00:05,567 [INFO] [net.sf.log4jdbc.log.slf4j.Slf4jSpyLogDelegator] [main]- INSERT INTO board values( 3, '제목3', '내용3', 'user3', CURRENT_TIMESTAMP() )
 {executed in 0 msec}
2021/07/25 18:00:05,569 [INFO] [net.sf.log4jdbc.log.slf4j.Slf4jSpyLogDelegator] [main]- INSERT INTO board values( 4, '제목3', '내용4', 'user4', CURRENT_TIMESTAMP() )
 {executed in 0 msec}
2021/07/25 18:00:05,661 [INFO] [org.springframework.boot.StartupInfoLogger] [main]- Started MybatisApplication in 2.235 seconds (JVM running for 3.649)
2021/07/25 18:00:05,664 [INFO] [com.example.MybatisApplication] [main]- ---원본 args---
2021/07/25 18:00:05,665 [INFO] [com.example.MybatisApplication] [main]- --spring.output.ansi.enabled=always
2021/07/25 18:00:05,665 [INFO] [com.example.MybatisApplication] [main]- ---옵션아닌 args---
2021/07/25 18:00:05,665 [INFO] [com.example.MybatisApplication] [main]- ---옵션 args---
2021/07/25 18:00:05,666 [INFO] [com.example.MybatisApplication] [main]- spring.output.ansi.enabled : always
2021/07/25 18:00:05,701 [INFO] [net.sf.log4jdbc.log.slf4j.Slf4jSpyLogDelegator] [main]- SELECT *
          FROM board
 {executed in 1 msec}
2021/07/25 18:00:05,720 [INFO] [net.sf.log4jdbc.log.slf4j.Slf4jSpyLogDelegator] [main]- 
|---|------|---------|---------|---------|
|id |title |content  |userid   |regdate  |
|---|------|---------|---------|---------|
|1  |제목1   |[unread] |[unread] |[unread] |
|2  |제목2   |[unread] |[unread] |[unread] |
|3  |제목3   |[unread] |[unread] |[unread] |
|4  |제목3   |[unread] |[unread] |[unread] |
|---|------|---------|---------|---------|

2021/07/25 18:00:05,726 [INFO] [com.example.board.BoardController] [main]- id: 1 title: 제목1
2021/07/25 18:00:05,727 [INFO] [com.example.board.BoardController] [main]- id: 2 title: 제목2
2021/07/25 18:00:05,727 [INFO] [com.example.board.BoardController] [main]- id: 3 title: 제목3
2021/07/25 18:00:05,727 [INFO] [com.example.board.BoardController] [main]- id: 4 title: 제목3
2021/07/25 18:00:05,730 [INFO] [net.sf.log4jdbc.log.slf4j.Slf4jSpyLogDelegator] [main]- SELECT *
          FROM board
         WHERE id = 2
 {executed in 0 msec}
2021/07/25 18:00:05,733 [INFO] [net.sf.log4jdbc.log.slf4j.Slf4jSpyLogDelegator] [main]- 
|---|------|---------|---------|---------|
|id |title |content  |userid   |regdate  |
|---|------|---------|---------|---------|
|2  |제목2   |[unread] |[unread] |[unread] |
|---|------|---------|---------|---------|

2021/07/25 18:00:05,734 [INFO] [com.example.board.BoardController] [main]- Object id: 2 Object title: 제목2
2021/07/25 18:00:05,736 [INFO] [net.sf.log4jdbc.log.slf4j.Slf4jSpyLogDelegator] [main]- SELECT *
          FROM board
         WHERE id = 2
           AND title = '제목3'
 {executed in 0 msec}
2021/07/25 18:00:05,738 [INFO] [net.sf.log4jdbc.log.slf4j.Slf4jSpyLogDelegator] [main]- 
|---|------|--------|-------|--------|
|id |title |content |userid |regdate |
|---|------|--------|-------|--------|
|---|------|--------|-------|--------|

2021/07/25 18:00:05,745 [INFO] [com.zaxxer.hikari.HikariDataSource] [SpringApplicationShutdownHook]- HikariPool-1 - Shutdown initiated...
2021/07/25 18:00:05,748 [INFO] [com.zaxxer.hikari.HikariDataSource] [SpringApplicationShutdownHook]- HikariPool-1 - Shutdown completed.
2021/07/25 18:00:45,834 [INFO] [org.springframework.boot.StartupInfoLogger] [main]- Starting MybatisApplication using Java 1.8.0_282 on 조주현-LAPTOP with PID 11428 (D:\study\mybatis\workspace\mybatis\target\classes started by choju in D:\study\mybatis\workspace\mybatis)
2021/07/25 18:00:45,838 [INFO] [org.springframework.boot.SpringApplication] [main]- No active profile set, falling back to default profiles: default
2021/07/25 18:00:46,974 [INFO] [com.zaxxer.hikari.HikariDataSource] [main]- HikariPool-1 - Starting...
2021/07/25 18:00:47,170 [INFO] [com.zaxxer.hikari.pool.PoolBase] [main]- HikariPool-1 - Driver does not support get/set network timeout for connections. (net.sf.log4jdbc.sql.jdbcapi.ConnectionSpy.getNetworkTimeout()I)
2021/07/25 18:00:47,200 [INFO] [net.sf.log4jdbc.log.slf4j.Slf4jSpyLogDelegator] [main]- SELECT 1
 {executed in 13 msec}
2021/07/25 18:00:47,203 [INFO] [com.zaxxer.hikari.HikariDataSource] [main]- HikariPool-1 - Start completed.
2021/07/25 18:00:47,211 [INFO] [net.sf.log4jdbc.log.slf4j.Slf4jSpyLogDelegator] [main]- DROP TABLE IF EXISTS board
 {executed in 3 msec}
2021/07/25 18:00:47,213 [INFO] [net.sf.log4jdbc.log.slf4j.Slf4jSpyLogDelegator] [main]- CREATE TABLE IF NOT EXISTS board ( id integer NOT NULL , title varchar( 255 ) NOT null , content varchar( 4000 ) , userId varchar( 255 ) , regDate timestamp , primary key( id ) )
 {executed in 2 msec}
2021/07/25 18:00:47,227 [INFO] [net.sf.log4jdbc.log.slf4j.Slf4jSpyLogDelegator] [main]- INSERT INTO board values( 1, '제목1', '내용1', 'user1', CURRENT_TIMESTAMP() )
 {executed in 10 msec}
2021/07/25 18:00:47,228 [INFO] [net.sf.log4jdbc.log.slf4j.Slf4jSpyLogDelegator] [main]- INSERT INTO board values( 2, '제목2', '내용2', 'user2', CURRENT_TIMESTAMP() )
 {executed in 0 msec}
2021/07/25 18:00:47,228 [INFO] [net.sf.log4jdbc.log.slf4j.Slf4jSpyLogDelegator] [main]- INSERT INTO board values( 3, '제목3', '내용3', 'user3', CURRENT_TIMESTAMP() )
 {executed in 0 msec}
2021/07/25 18:00:47,229 [INFO] [net.sf.log4jdbc.log.slf4j.Slf4jSpyLogDelegator] [main]- INSERT INTO board values( 4, '제목3', '내용4', 'user4', CURRENT_TIMESTAMP() )
 {executed in 1 msec}
2021/07/25 18:00:47,310 [INFO] [org.springframework.boot.StartupInfoLogger] [main]- Started MybatisApplication in 2.109 seconds (JVM running for 3.615)
2021/07/25 18:00:47,313 [INFO] [com.example.MybatisApplication] [main]- ---원본 args---
2021/07/25 18:00:47,314 [INFO] [com.example.MybatisApplication] [main]- --spring.output.ansi.enabled=always
2021/07/25 18:00:47,314 [INFO] [com.example.MybatisApplication] [main]- ---옵션아닌 args---
2021/07/25 18:00:47,315 [INFO] [com.example.MybatisApplication] [main]- ---옵션 args---
2021/07/25 18:00:47,315 [INFO] [com.example.MybatisApplication] [main]- spring.output.ansi.enabled : always
2021/07/25 18:00:47,353 [INFO] [net.sf.log4jdbc.log.slf4j.Slf4jSpyLogDelegator] [main]- SELECT *
          FROM board
 {executed in 0 msec}
2021/07/25 18:00:47,368 [INFO] [net.sf.log4jdbc.log.slf4j.Slf4jSpyLogDelegator] [main]- 
|---|------|---------|---------|---------|
|id |title |content  |userid   |regdate  |
|---|------|---------|---------|---------|
|1  |제목1   |[unread] |[unread] |[unread] |
|2  |제목2   |[unread] |[unread] |[unread] |
|3  |제목3   |[unread] |[unread] |[unread] |
|4  |제목3   |[unread] |[unread] |[unread] |
|---|------|---------|---------|---------|

2021/07/25 18:00:47,375 [INFO] [com.example.board.BoardController] [main]- id: 1 title: 제목1
2021/07/25 18:00:47,375 [INFO] [com.example.board.BoardController] [main]- id: 2 title: 제목2
2021/07/25 18:00:47,375 [INFO] [com.example.board.BoardController] [main]- id: 3 title: 제목3
2021/07/25 18:00:47,375 [INFO] [com.example.board.BoardController] [main]- id: 4 title: 제목3
2021/07/25 18:00:47,379 [INFO] [net.sf.log4jdbc.log.slf4j.Slf4jSpyLogDelegator] [main]- SELECT *
          FROM board
         WHERE id = 2
 {executed in 1 msec}
2021/07/25 18:00:47,380 [INFO] [net.sf.log4jdbc.log.slf4j.Slf4jSpyLogDelegator] [main]- 
|---|------|---------|---------|---------|
|id |title |content  |userid   |regdate  |
|---|------|---------|---------|---------|
|2  |제목2   |[unread] |[unread] |[unread] |
|---|------|---------|---------|---------|

2021/07/25 18:00:47,381 [INFO] [com.example.board.BoardController] [main]- Object id: 2 Object title: 제목2
2021/07/25 18:00:47,382 [INFO] [net.sf.log4jdbc.log.slf4j.Slf4jSpyLogDelegator] [main]- SELECT *
          FROM board
         WHERE id = 2
           AND title = '제목2'
 {executed in 0 msec}
2021/07/25 18:00:47,384 [INFO] [net.sf.log4jdbc.log.slf4j.Slf4jSpyLogDelegator] [main]- 
|---|------|---------|---------|---------|
|id |title |content  |userid   |regdate  |
|---|------|---------|---------|---------|
|2  |제목2   |[unread] |[unread] |[unread] |
|---|------|---------|---------|---------|

2021/07/25 18:00:47,385 [INFO] [com.example.board.BoardController] [main]- Map id: 2 Map title: 제목2
2021/07/25 18:00:47,392 [INFO] [com.zaxxer.hikari.HikariDataSource] [SpringApplicationShutdownHook]- HikariPool-1 - Shutdown initiated...
2021/07/25 18:00:47,395 [INFO] [com.zaxxer.hikari.HikariDataSource] [SpringApplicationShutdownHook]- HikariPool-1 - Shutdown completed.
2021/07/25 18:19:02,281 [INFO] [org.springframework.boot.StartupInfoLogger] [main]- Starting MybatisApplication using Java 1.8.0_282 on 조주현-LAPTOP with PID 16252 (D:\study\mybatis\workspace\mybatis\target\classes started by choju in D:\study\mybatis\workspace\mybatis)
2021/07/25 18:19:02,285 [INFO] [org.springframework.boot.SpringApplication] [main]- No active profile set, falling back to default profiles: default
2021/07/25 18:19:03,450 [INFO] [com.zaxxer.hikari.HikariDataSource] [main]- HikariPool-1 - Starting...
2021/07/25 18:19:03,683 [INFO] [com.zaxxer.hikari.pool.PoolBase] [main]- HikariPool-1 - Driver does not support get/set network timeout for connections. (net.sf.log4jdbc.sql.jdbcapi.ConnectionSpy.getNetworkTimeout()I)
2021/07/25 18:19:03,713 [INFO] [net.sf.log4jdbc.log.slf4j.Slf4jSpyLogDelegator] [main]- SELECT 1
 {executed in 14 msec}
2021/07/25 18:19:03,715 [INFO] [com.zaxxer.hikari.HikariDataSource] [main]- HikariPool-1 - Start completed.
2021/07/25 18:19:03,724 [INFO] [net.sf.log4jdbc.log.slf4j.Slf4jSpyLogDelegator] [main]- DROP TABLE IF EXISTS board
 {executed in 4 msec}
2021/07/25 18:19:03,726 [INFO] [net.sf.log4jdbc.log.slf4j.Slf4jSpyLogDelegator] [main]- CREATE TABLE IF NOT EXISTS board ( id integer NOT NULL , title varchar( 255 ) NOT null , content varchar( 4000 ) , userId varchar( 255 ) , regDate timestamp , primary key( id ) )
 {executed in 2 msec}
2021/07/25 18:19:03,740 [INFO] [net.sf.log4jdbc.log.slf4j.Slf4jSpyLogDelegator] [main]- INSERT INTO board values( 1, '제목1', '내용1', 'user1', CURRENT_TIMESTAMP() )
 {executed in 10 msec}
2021/07/25 18:19:03,740 [INFO] [net.sf.log4jdbc.log.slf4j.Slf4jSpyLogDelegator] [main]- INSERT INTO board values( 2, '제목2', '내용2', 'user2', CURRENT_TIMESTAMP() )
 {executed in 0 msec}
2021/07/25 18:19:03,741 [INFO] [net.sf.log4jdbc.log.slf4j.Slf4jSpyLogDelegator] [main]- INSERT INTO board values( 3, '제목3', '내용3', 'user3', CURRENT_TIMESTAMP() )
 {executed in 0 msec}
2021/07/25 18:19:03,742 [INFO] [net.sf.log4jdbc.log.slf4j.Slf4jSpyLogDelegator] [main]- INSERT INTO board values( 4, '제목3', '내용4', 'user4', CURRENT_TIMESTAMP() )
 {executed in 1 msec}
2021/07/25 18:19:03,814 [INFO] [org.springframework.boot.StartupInfoLogger] [main]- Started MybatisApplication in 2.217 seconds (JVM running for 3.788)
2021/07/25 18:19:03,818 [INFO] [com.example.MybatisApplication] [main]- ---원본 args---
2021/07/25 18:19:03,818 [INFO] [com.example.MybatisApplication] [main]- --spring.output.ansi.enabled=always
2021/07/25 18:19:03,818 [INFO] [com.example.MybatisApplication] [main]- ---옵션아닌 args---
2021/07/25 18:19:03,819 [INFO] [com.example.MybatisApplication] [main]- ---옵션 args---
2021/07/25 18:19:03,819 [INFO] [com.example.MybatisApplication] [main]- spring.output.ansi.enabled : always
2021/07/25 18:19:03,848 [INFO] [net.sf.log4jdbc.log.slf4j.Slf4jSpyLogDelegator] [main]- SELECT *
          FROM board
 {executed in 0 msec}
2021/07/25 18:19:03,863 [INFO] [net.sf.log4jdbc.log.slf4j.Slf4jSpyLogDelegator] [main]- 
|---|------|---------|---------|---------|
|id |title |content  |userid   |regdate  |
|---|------|---------|---------|---------|
|1  |제목1   |[unread] |[unread] |[unread] |
|2  |제목2   |[unread] |[unread] |[unread] |
|3  |제목3   |[unread] |[unread] |[unread] |
|4  |제목3   |[unread] |[unread] |[unread] |
|---|------|---------|---------|---------|

2021/07/25 18:19:03,870 [INFO] [com.example.board.BoardController] [main]- id: 1 title: 제목1
2021/07/25 18:19:03,871 [INFO] [com.example.board.BoardController] [main]- id: 2 title: 제목2
2021/07/25 18:19:03,871 [INFO] [com.example.board.BoardController] [main]- id: 3 title: 제목3
2021/07/25 18:19:03,871 [INFO] [com.example.board.BoardController] [main]- id: 4 title: 제목3
2021/07/25 18:19:03,874 [INFO] [net.sf.log4jdbc.log.slf4j.Slf4jSpyLogDelegator] [main]- SELECT *
          FROM board
         WHERE id = 2
 {executed in 0 msec}
2021/07/25 18:19:03,876 [INFO] [net.sf.log4jdbc.log.slf4j.Slf4jSpyLogDelegator] [main]- 
|---|------|---------|---------|---------|
|id |title |content  |userid   |regdate  |
|---|------|---------|---------|---------|
|2  |제목2   |[unread] |[unread] |[unread] |
|---|------|---------|---------|---------|

2021/07/25 18:19:03,876 [INFO] [com.example.board.BoardController] [main]- Object id: 2 Object title: 제목2
2021/07/25 18:19:03,878 [INFO] [net.sf.log4jdbc.log.slf4j.Slf4jSpyLogDelegator] [main]- SELECT *
          FROM board
         WHERE id = 2
           AND title = '제목2'
 {executed in 0 msec}
2021/07/25 18:19:03,880 [INFO] [net.sf.log4jdbc.log.slf4j.Slf4jSpyLogDelegator] [main]- 
|---|------|---------|---------|---------|
|id |title |content  |userid   |regdate  |
|---|------|---------|---------|---------|
|2  |제목2   |[unread] |[unread] |[unread] |
|---|------|---------|---------|---------|

2021/07/25 18:19:03,881 [INFO] [com.example.board.BoardController] [main]- Map id: 2 Map title: 제목2
2021/07/25 18:19:03,887 [INFO] [com.zaxxer.hikari.HikariDataSource] [SpringApplicationShutdownHook]- HikariPool-1 - Shutdown initiated...
2021/07/25 18:19:03,891 [INFO] [com.zaxxer.hikari.HikariDataSource] [SpringApplicationShutdownHook]- HikariPool-1 - Shutdown completed.
2021/07/25 18:22:56,245 [INFO] [org.springframework.boot.StartupInfoLogger] [main]- Starting MybatisApplication using Java 1.8.0_282 on 조주현-LAPTOP with PID 12000 (D:\study\mybatis\workspace\mybatis\target\classes started by choju in D:\study\mybatis\workspace\mybatis)
2021/07/25 18:22:56,248 [INFO] [org.springframework.boot.SpringApplication] [main]- No active profile set, falling back to default profiles: default
2021/07/25 18:22:57,369 [INFO] [com.zaxxer.hikari.HikariDataSource] [main]- HikariPool-1 - Starting...
2021/07/25 18:22:57,627 [INFO] [com.zaxxer.hikari.pool.PoolBase] [main]- HikariPool-1 - Driver does not support get/set network timeout for connections. (net.sf.log4jdbc.sql.jdbcapi.ConnectionSpy.getNetworkTimeout()I)
2021/07/25 18:22:57,658 [INFO] [net.sf.log4jdbc.log.slf4j.Slf4jSpyLogDelegator] [main]- SELECT 1
 {executed in 14 msec}
2021/07/25 18:22:57,661 [INFO] [com.zaxxer.hikari.HikariDataSource] [main]- HikariPool-1 - Start completed.
2021/07/25 18:22:57,669 [INFO] [net.sf.log4jdbc.log.slf4j.Slf4jSpyLogDelegator] [main]- DROP TABLE IF EXISTS board
 {executed in 3 msec}
2021/07/25 18:22:57,671 [INFO] [net.sf.log4jdbc.log.slf4j.Slf4jSpyLogDelegator] [main]- CREATE TABLE IF NOT EXISTS board ( id integer NOT NULL , title varchar( 255 ) NOT null , content varchar( 4000 ) , userId varchar( 255 ) , regDate timestamp , primary key( id ) )
 {executed in 1 msec}
2021/07/25 18:22:57,685 [INFO] [net.sf.log4jdbc.log.slf4j.Slf4jSpyLogDelegator] [main]- INSERT INTO board values( 1, '제목1', '내용1', 'user1', CURRENT_TIMESTAMP() )
 {executed in 10 msec}
2021/07/25 18:22:57,686 [INFO] [net.sf.log4jdbc.log.slf4j.Slf4jSpyLogDelegator] [main]- INSERT INTO board values( 2, '제목2', '내용2', 'user2', CURRENT_TIMESTAMP() )
 {executed in 0 msec}
2021/07/25 18:22:57,687 [INFO] [net.sf.log4jdbc.log.slf4j.Slf4jSpyLogDelegator] [main]- INSERT INTO board values( 3, '제목3', '내용3', 'user3', CURRENT_TIMESTAMP() )
 {executed in 1 msec}
2021/07/25 18:22:57,687 [INFO] [net.sf.log4jdbc.log.slf4j.Slf4jSpyLogDelegator] [main]- INSERT INTO board values( 4, '제목3', '내용4', 'user4', CURRENT_TIMESTAMP() )
 {executed in 0 msec}
2021/07/25 18:22:57,779 [INFO] [org.springframework.boot.StartupInfoLogger] [main]- Started MybatisApplication in 2.223 seconds (JVM running for 3.724)
2021/07/25 18:22:57,782 [INFO] [com.example.MybatisApplication] [main]- ---원본 args---
2021/07/25 18:22:57,783 [INFO] [com.example.MybatisApplication] [main]- --spring.output.ansi.enabled=always
2021/07/25 18:22:57,783 [INFO] [com.example.MybatisApplication] [main]- ---옵션아닌 args---
2021/07/25 18:22:57,783 [INFO] [com.example.MybatisApplication] [main]- ---옵션 args---
2021/07/25 18:22:57,784 [INFO] [com.example.MybatisApplication] [main]- spring.output.ansi.enabled : always
2021/07/25 18:22:57,812 [INFO] [net.sf.log4jdbc.log.slf4j.Slf4jSpyLogDelegator] [main]- SELECT *
          FROM board
 {executed in 1 msec}
2021/07/25 18:22:57,827 [INFO] [net.sf.log4jdbc.log.slf4j.Slf4jSpyLogDelegator] [main]- 
|---|------|---------|---------|---------|
|id |title |content  |userid   |regdate  |
|---|------|---------|---------|---------|
|1  |제목1   |[unread] |[unread] |[unread] |
|2  |제목2   |[unread] |[unread] |[unread] |
|3  |제목3   |[unread] |[unread] |[unread] |
|4  |제목3   |[unread] |[unread] |[unread] |
|---|------|---------|---------|---------|

2021/07/25 18:22:57,834 [INFO] [com.example.board.BoardController] [main]- id: 1 title: 제목1
2021/07/25 18:22:57,835 [INFO] [com.example.board.BoardController] [main]- id: 2 title: 제목2
2021/07/25 18:22:57,835 [INFO] [com.example.board.BoardController] [main]- id: 3 title: 제목3
2021/07/25 18:22:57,835 [INFO] [com.example.board.BoardController] [main]- id: 4 title: 제목3
2021/07/25 18:22:57,839 [INFO] [net.sf.log4jdbc.log.slf4j.Slf4jSpyLogDelegator] [main]- SELECT *
          FROM board
         WHERE id = 2
 {executed in 0 msec}
2021/07/25 18:22:57,842 [INFO] [net.sf.log4jdbc.log.slf4j.Slf4jSpyLogDelegator] [main]- 
|---|------|---------|---------|---------|
|id |title |content  |userid   |regdate  |
|---|------|---------|---------|---------|
|2  |제목2   |[unread] |[unread] |[unread] |
|---|------|---------|---------|---------|

2021/07/25 18:22:57,842 [INFO] [com.example.board.BoardController] [main]- Object id: 2 Object title: 제목2
2021/07/25 18:22:57,845 [INFO] [net.sf.log4jdbc.log.slf4j.Slf4jSpyLogDelegator] [main]- SELECT *
          FROM board
         WHERE id = 2
           AND title = '제목2'
 {executed in 1 msec}
2021/07/25 18:22:57,847 [INFO] [net.sf.log4jdbc.log.slf4j.Slf4jSpyLogDelegator] [main]- 
|---|------|---------|---------|---------|
|id |title |content  |userid   |regdate  |
|---|------|---------|---------|---------|
|2  |제목2   |[unread] |[unread] |[unread] |
|---|------|---------|---------|---------|

2021/07/25 18:22:57,848 [INFO] [com.example.board.BoardController] [main]- Map id: 2 Map title: 제목2
2021/07/25 18:22:57,855 [INFO] [com.zaxxer.hikari.HikariDataSource] [SpringApplicationShutdownHook]- HikariPool-1 - Shutdown initiated...
2021/07/25 18:22:57,859 [INFO] [com.zaxxer.hikari.HikariDataSource] [SpringApplicationShutdownHook]- HikariPool-1 - Shutdown completed.
