2021/07/26 20:10:12,979 [INFO] [org.springframework.boot.admin.SpringApplicationAdminMXBeanRegistrar$SpringApplicationAdmin] [RMI TCP Connection(37)-127.0.0.1]- Application shutdown requested.
2021/07/26 20:10:36,770 [INFO] [org.springframework.boot.StartupInfoLogger] [main]- Starting RestApplication using Java 1.8.0_282 on 조주현-LAPTOP with PID 15072 (D:\study\srv_rest\workspace\rest\target\classes started by choju in D:\study\srv_rest\workspace\rest)
2021/07/26 20:10:36,780 [INFO] [org.springframework.boot.SpringApplication] [main]- No active profile set, falling back to default profiles: default
2021/07/26 20:10:37,812 [INFO] [org.springframework.boot.web.embedded.tomcat.TomcatWebServer] [main]- Tomcat initialized with port(s): 8080 (http)
2021/07/26 20:10:37,831 [INFO] [org.apache.juli.logging.DirectJDKLog] [main]- Initializing ProtocolHandler ["http-nio-8080"]
2021/07/26 20:10:37,832 [INFO] [org.apache.juli.logging.DirectJDKLog] [main]- Starting service [Tomcat]
2021/07/26 20:10:37,832 [INFO] [org.apache.juli.logging.DirectJDKLog] [main]- Starting Servlet engine: [Apache Tomcat/9.0.50]
2021/07/26 20:10:37,925 [INFO] [org.apache.juli.logging.DirectJDKLog] [main]- Initializing Spring embedded WebApplicationContext
2021/07/26 20:10:37,925 [INFO] [org.springframework.boot.web.servlet.context.ServletWebServerApplicationContext] [main]- Root WebApplicationContext: initialization completed in 1074 ms
2021/07/26 20:10:38,419 [INFO] [org.apache.juli.logging.DirectJDKLog] [main]- Starting ProtocolHandler ["http-nio-8080"]
2021/07/26 20:10:38,437 [INFO] [org.springframework.boot.web.embedded.tomcat.TomcatWebServer] [main]- Tomcat started on port(s): 8080 (http) with context path ''
2021/07/26 20:10:38,447 [INFO] [org.springframework.boot.StartupInfoLogger] [main]- Started RestApplication in 2.215 seconds (JVM running for 3.719)
2021/07/26 20:11:29,890 [INFO] [org.apache.juli.logging.DirectJDKLog] [http-nio-8080-exec-3]- Initializing Spring DispatcherServlet 'dispatcherServlet'
2021/07/26 20:11:29,891 [INFO] [org.springframework.web.servlet.FrameworkServlet] [http-nio-8080-exec-3]- Initializing Servlet 'dispatcherServlet'
2021/07/26 20:11:29,892 [INFO] [org.springframework.web.servlet.FrameworkServlet] [http-nio-8080-exec-3]- Completed initialization in 1 ms
2021/07/26 20:11:29,985 [ERROR] [org.apache.juli.logging.DirectJDKLog] [http-nio-8080-exec-3]- Servlet.service() for servlet [dispatcherServlet] in context with path [] threw exception [Request processing failed; nested exception is java.lang.ClassCastException: java.lang.Integer cannot be cast to java.lang.String] with root cause
java.lang.ClassCastException: java.lang.Integer cannot be cast to java.lang.String
	at com.example.controller.Rest.postParamMulti(Rest.java:53) ~[classes/:?]
	at sun.reflect.NativeMethodAccessorImpl.invoke0(Native Method) ~[?:1.8.0_282]
	at sun.reflect.NativeMethodAccessorImpl.invoke(NativeMethodAccessorImpl.java:62) ~[?:1.8.0_282]
	at sun.reflect.DelegatingMethodAccessorImpl.invoke(DelegatingMethodAccessorImpl.java:43) ~[?:1.8.0_282]
	at java.lang.reflect.Method.invoke(Method.java:498) ~[?:1.8.0_282]
	at org.springframework.web.method.support.InvocableHandlerMethod.doInvoke(InvocableHandlerMethod.java:197) ~[spring-web-5.3.9.jar:5.3.9]
	at org.springframework.web.method.support.InvocableHandlerMethod.invokeForRequest(InvocableHandlerMethod.java:141) ~[spring-web-5.3.9.jar:5.3.9]
	at org.springframework.web.servlet.mvc.method.annotation.ServletInvocableHandlerMethod.invokeAndHandle(ServletInvocableHandlerMethod.java:106) ~[spring-webmvc-5.3.9.jar:5.3.9]
	at org.springframework.web.servlet.mvc.method.annotation.RequestMappingHandlerAdapter.invokeHandlerMethod(RequestMappingHandlerAdapter.java:895) ~[spring-webmvc-5.3.9.jar:5.3.9]
	at org.springframework.web.servlet.mvc.method.annotation.RequestMappingHandlerAdapter.handleInternal(RequestMappingHandlerAdapter.java:808) ~[spring-webmvc-5.3.9.jar:5.3.9]
	at org.springframework.web.servlet.mvc.method.AbstractHandlerMethodAdapter.handle(AbstractHandlerMethodAdapter.java:87) ~[spring-webmvc-5.3.9.jar:5.3.9]
	at org.springframework.web.servlet.DispatcherServlet.doDispatch(DispatcherServlet.java:1064) ~[spring-webmvc-5.3.9.jar:5.3.9]
	at org.springframework.web.servlet.DispatcherServlet.doService(DispatcherServlet.java:963) ~[spring-webmvc-5.3.9.jar:5.3.9]
	at org.springframework.web.servlet.FrameworkServlet.processRequest(FrameworkServlet.java:1006) ~[spring-webmvc-5.3.9.jar:5.3.9]
	at org.springframework.web.servlet.FrameworkServlet.doPost(FrameworkServlet.java:909) ~[spring-webmvc-5.3.9.jar:5.3.9]
	at javax.servlet.http.HttpServlet.service(HttpServlet.java:681) ~[tomcat-embed-core-9.0.50.jar:4.0.FR]
	at org.springframework.web.servlet.FrameworkServlet.service(FrameworkServlet.java:883) ~[spring-webmvc-5.3.9.jar:5.3.9]
	at javax.servlet.http.HttpServlet.service(HttpServlet.java:764) ~[tomcat-embed-core-9.0.50.jar:4.0.FR]
	at org.apache.catalina.core.ApplicationFilterChain.internalDoFilter(ApplicationFilterChain.java:228) ~[tomcat-embed-core-9.0.50.jar:9.0.50]
	at org.apache.catalina.core.ApplicationFilterChain.doFilter(ApplicationFilterChain.java:163) ~[tomcat-embed-core-9.0.50.jar:9.0.50]
	at org.apache.tomcat.websocket.server.WsFilter.doFilter(WsFilter.java:53) ~[tomcat-embed-websocket-9.0.50.jar:9.0.50]
	at org.apache.catalina.core.ApplicationFilterChain.internalDoFilter(ApplicationFilterChain.java:190) ~[tomcat-embed-core-9.0.50.jar:9.0.50]
	at org.apache.catalina.core.ApplicationFilterChain.doFilter(ApplicationFilterChain.java:163) ~[tomcat-embed-core-9.0.50.jar:9.0.50]
	at org.springframework.web.filter.RequestContextFilter.doFilterInternal(RequestContextFilter.java:100) ~[spring-web-5.3.9.jar:5.3.9]
	at org.springframework.web.filter.OncePerRequestFilter.doFilter(OncePerRequestFilter.java:119) ~[spring-web-5.3.9.jar:5.3.9]
	at org.apache.catalina.core.ApplicationFilterChain.internalDoFilter(ApplicationFilterChain.java:190) ~[tomcat-embed-core-9.0.50.jar:9.0.50]
	at org.apache.catalina.core.ApplicationFilterChain.doFilter(ApplicationFilterChain.java:163) ~[tomcat-embed-core-9.0.50.jar:9.0.50]
	at org.springframework.web.filter.FormContentFilter.doFilterInternal(FormContentFilter.java:93) ~[spring-web-5.3.9.jar:5.3.9]
	at org.springframework.web.filter.OncePerRequestFilter.doFilter(OncePerRequestFilter.java:119) ~[spring-web-5.3.9.jar:5.3.9]
	at org.apache.catalina.core.ApplicationFilterChain.internalDoFilter(ApplicationFilterChain.java:190) ~[tomcat-embed-core-9.0.50.jar:9.0.50]
	at org.apache.catalina.core.ApplicationFilterChain.doFilter(ApplicationFilterChain.java:163) ~[tomcat-embed-core-9.0.50.jar:9.0.50]
	at org.springframework.web.filter.CharacterEncodingFilter.doFilterInternal(CharacterEncodingFilter.java:201) ~[spring-web-5.3.9.jar:5.3.9]
	at org.springframework.web.filter.OncePerRequestFilter.doFilter(OncePerRequestFilter.java:119) ~[spring-web-5.3.9.jar:5.3.9]
	at org.apache.catalina.core.ApplicationFilterChain.internalDoFilter(ApplicationFilterChain.java:190) ~[tomcat-embed-core-9.0.50.jar:9.0.50]
	at org.apache.catalina.core.ApplicationFilterChain.doFilter(ApplicationFilterChain.java:163) ~[tomcat-embed-core-9.0.50.jar:9.0.50]
	at org.apache.catalina.core.StandardWrapperValve.invoke(StandardWrapperValve.java:202) [tomcat-embed-core-9.0.50.jar:9.0.50]
	at org.apache.catalina.core.StandardContextValve.invoke(StandardContextValve.java:97) [tomcat-embed-core-9.0.50.jar:9.0.50]
	at org.apache.catalina.authenticator.AuthenticatorBase.invoke(AuthenticatorBase.java:542) [tomcat-embed-core-9.0.50.jar:9.0.50]
	at org.apache.catalina.core.StandardHostValve.invoke(StandardHostValve.java:143) [tomcat-embed-core-9.0.50.jar:9.0.50]
	at org.apache.catalina.valves.ErrorReportValve.invoke(ErrorReportValve.java:92) [tomcat-embed-core-9.0.50.jar:9.0.50]
	at org.apache.catalina.core.StandardEngineValve.invoke(StandardEngineValve.java:78) [tomcat-embed-core-9.0.50.jar:9.0.50]
	at org.apache.catalina.connector.CoyoteAdapter.service(CoyoteAdapter.java:357) [tomcat-embed-core-9.0.50.jar:9.0.50]
	at org.apache.coyote.http11.Http11Processor.service(Http11Processor.java:382) [tomcat-embed-core-9.0.50.jar:9.0.50]
	at org.apache.coyote.AbstractProcessorLight.process(AbstractProcessorLight.java:65) [tomcat-embed-core-9.0.50.jar:9.0.50]
	at org.apache.coyote.AbstractProtocol$ConnectionHandler.process(AbstractProtocol.java:893) [tomcat-embed-core-9.0.50.jar:9.0.50]
	at org.apache.tomcat.util.net.NioEndpoint$SocketProcessor.doRun(NioEndpoint.java:1723) [tomcat-embed-core-9.0.50.jar:9.0.50]
	at org.apache.tomcat.util.net.SocketProcessorBase.run(SocketProcessorBase.java:49) [tomcat-embed-core-9.0.50.jar:9.0.50]
	at java.util.concurrent.ThreadPoolExecutor.runWorker(ThreadPoolExecutor.java:1149) [?:1.8.0_282]
	at java.util.concurrent.ThreadPoolExecutor$Worker.run(ThreadPoolExecutor.java:624) [?:1.8.0_282]
	at org.apache.tomcat.util.threads.TaskThread$WrappingRunnable.run(TaskThread.java:61) [tomcat-embed-core-9.0.50.jar:9.0.50]
	at java.lang.Thread.run(Thread.java:748) [?:1.8.0_282]
2021/07/26 20:12:27,597 [INFO] [org.springframework.boot.admin.SpringApplicationAdminMXBeanRegistrar$SpringApplicationAdmin] [RMI TCP Connection(11)-127.0.0.1]- Application shutdown requested.
2021/07/26 20:12:44,756 [INFO] [org.springframework.boot.StartupInfoLogger] [main]- Starting RestApplication using Java 1.8.0_282 on 조주현-LAPTOP with PID 332 (D:\study\srv_rest\workspace\rest\target\classes started by choju in D:\study\srv_rest\workspace\rest)
2021/07/26 20:12:44,764 [INFO] [org.springframework.boot.SpringApplication] [main]- No active profile set, falling back to default profiles: default
2021/07/26 20:12:45,788 [INFO] [org.springframework.boot.web.embedded.tomcat.TomcatWebServer] [main]- Tomcat initialized with port(s): 8080 (http)
2021/07/26 20:12:45,807 [INFO] [org.apache.juli.logging.DirectJDKLog] [main]- Initializing ProtocolHandler ["http-nio-8080"]
2021/07/26 20:12:45,807 [INFO] [org.apache.juli.logging.DirectJDKLog] [main]- Starting service [Tomcat]
2021/07/26 20:12:45,808 [INFO] [org.apache.juli.logging.DirectJDKLog] [main]- Starting Servlet engine: [Apache Tomcat/9.0.50]
2021/07/26 20:12:45,897 [INFO] [org.apache.juli.logging.DirectJDKLog] [main]- Initializing Spring embedded WebApplicationContext
2021/07/26 20:12:45,897 [INFO] [org.springframework.boot.web.servlet.context.ServletWebServerApplicationContext] [main]- Root WebApplicationContext: initialization completed in 1091 ms
2021/07/26 20:12:46,439 [INFO] [org.apache.juli.logging.DirectJDKLog] [main]- Starting ProtocolHandler ["http-nio-8080"]
2021/07/26 20:12:46,463 [INFO] [org.springframework.boot.web.embedded.tomcat.TomcatWebServer] [main]- Tomcat started on port(s): 8080 (http) with context path ''
2021/07/26 20:12:46,474 [INFO] [org.springframework.boot.StartupInfoLogger] [main]- Started RestApplication in 2.304 seconds (JVM running for 3.892)
2021/07/26 20:12:55,802 [INFO] [org.apache.juli.logging.DirectJDKLog] [http-nio-8080-exec-2]- Initializing Spring DispatcherServlet 'dispatcherServlet'
2021/07/26 20:12:55,803 [INFO] [org.springframework.web.servlet.FrameworkServlet] [http-nio-8080-exec-2]- Initializing Servlet 'dispatcherServlet'
2021/07/26 20:12:55,804 [INFO] [org.springframework.web.servlet.FrameworkServlet] [http-nio-8080-exec-2]- Completed initialization in 1 ms
2021/07/26 20:13:30,253 [INFO] [org.springframework.boot.admin.SpringApplicationAdminMXBeanRegistrar$SpringApplicationAdmin] [RMI TCP Connection(10)-127.0.0.1]- Application shutdown requested.
