2021/08/13 13:34:34,288 [INFO] [org.springframework.boot.StartupInfoLogger] [main]- Starting RestApplication using Java 1.8.0_282 on 조주현-LAPTOP with PID 20852 (D:\study\srv_rest\workspace\rest\target\classes started by choju in D:\study\srv_rest\workspace\rest)
2021/08/13 13:34:34,305 [INFO] [org.springframework.boot.SpringApplication] [main]- No active profile set, falling back to default profiles: default
2021/08/13 13:34:35,622 [INFO] [org.springframework.boot.web.embedded.tomcat.TomcatWebServer] [main]- Tomcat initialized with port(s): 8080 (http)
2021/08/13 13:34:35,634 [INFO] [org.apache.juli.logging.DirectJDKLog] [main]- Initializing ProtocolHandler ["http-nio-8080"]
2021/08/13 13:34:35,635 [INFO] [org.apache.juli.logging.DirectJDKLog] [main]- Starting service [Tomcat]
2021/08/13 13:34:35,635 [INFO] [org.apache.juli.logging.DirectJDKLog] [main]- Starting Servlet engine: [Apache Tomcat/9.0.50]
2021/08/13 13:34:35,782 [INFO] [org.apache.juli.logging.DirectJDKLog] [main]- Initializing Spring embedded WebApplicationContext
2021/08/13 13:34:35,783 [INFO] [org.springframework.boot.web.servlet.context.ServletWebServerApplicationContext] [main]- Root WebApplicationContext: initialization completed in 1429 ms
2021/08/13 13:34:35,843 [INFO] [com.zaxxer.hikari.HikariDataSource] [main]- HikariPool-1 - Starting...
2021/08/13 13:34:36,142 [INFO] [com.zaxxer.hikari.pool.PoolBase] [main]- HikariPool-1 - Driver does not support get/set network timeout for connections. (net.sf.log4jdbc.sql.jdbcapi.ConnectionSpy.getNetworkTimeout()I)
2021/08/13 13:34:36,183 [INFO] [net.sf.log4jdbc.log.slf4j.Slf4jSpyLogDelegator] [main]- SELECT 1
 {executed in 15 msec}
2021/08/13 13:34:36,186 [INFO] [com.zaxxer.hikari.HikariDataSource] [main]- HikariPool-1 - Start completed.
2021/08/13 13:34:36,195 [INFO] [org.springframework.boot.autoconfigure.h2.H2ConsoleAutoConfiguration] [main]- H2 console available at '/h2-console'. Database available at 'jdbc:h2:file:./rest.db'
2021/08/13 13:34:36,944 [WARN] [org.springframework.context.support.AbstractApplicationContext] [main]- Exception encountered during context initialization - cancelling refresh attempt: org.springframework.beans.factory.BeanCreationException: Error creating bean with name 'dataSourceScriptDatabaseInitializer' defined in class path resource [org/springframework/boot/autoconfigure/sql/init/DataSourceInitializationConfiguration.class]: Invocation of init method failed; nested exception is java.lang.IllegalStateException: No schema scripts found at location './src/main/resources/schema.sql'
2021/08/13 13:34:36,946 [INFO] [com.zaxxer.hikari.HikariDataSource] [main]- HikariPool-1 - Shutdown initiated...
2021/08/13 13:34:36,955 [INFO] [com.zaxxer.hikari.HikariDataSource] [main]- HikariPool-1 - Shutdown completed.
2021/08/13 13:34:36,960 [INFO] [org.apache.juli.logging.DirectJDKLog] [main]- Stopping service [Tomcat]
2021/08/13 13:34:36,975 [INFO] [org.springframework.boot.autoconfigure.logging.ConditionEvaluationReportLoggingListener] [main]- 

Error starting ApplicationContext. To display the conditions report re-run your application with 'debug' enabled.
2021/08/13 13:34:36,992 [ERROR] [org.springframework.boot.SpringApplication] [main]- Application run failed
org.springframework.beans.factory.BeanCreationException: Error creating bean with name 'dataSourceScriptDatabaseInitializer' defined in class path resource [org/springframework/boot/autoconfigure/sql/init/DataSourceInitializationConfiguration.class]: Invocation of init method failed; nested exception is java.lang.IllegalStateException: No schema scripts found at location './src/main/resources/schema.sql'
	at org.springframework.beans.factory.support.AbstractAutowireCapableBeanFactory.initializeBean(AbstractAutowireCapableBeanFactory.java:1786) ~[spring-beans-5.3.9.jar:5.3.9]
	at org.springframework.beans.factory.support.AbstractAutowireCapableBeanFactory.doCreateBean(AbstractAutowireCapableBeanFactory.java:602) ~[spring-beans-5.3.9.jar:5.3.9]
	at org.springframework.beans.factory.support.AbstractAutowireCapableBeanFactory.createBean(AbstractAutowireCapableBeanFactory.java:524) ~[spring-beans-5.3.9.jar:5.3.9]
	at org.springframework.beans.factory.support.AbstractBeanFactory.lambda$doGetBean$0(AbstractBeanFactory.java:335) ~[spring-beans-5.3.9.jar:5.3.9]
	at org.springframework.beans.factory.support.DefaultSingletonBeanRegistry.getSingleton(DefaultSingletonBeanRegistry.java:234) ~[spring-beans-5.3.9.jar:5.3.9]
	at org.springframework.beans.factory.support.AbstractBeanFactory.doGetBean(AbstractBeanFactory.java:333) ~[spring-beans-5.3.9.jar:5.3.9]
	at org.springframework.beans.factory.support.AbstractBeanFactory.getBean(AbstractBeanFactory.java:208) ~[spring-beans-5.3.9.jar:5.3.9]
	at org.springframework.beans.factory.support.AbstractBeanFactory.doGetBean(AbstractBeanFactory.java:322) ~[spring-beans-5.3.9.jar:5.3.9]
	at org.springframework.beans.factory.support.AbstractBeanFactory.getBean(AbstractBeanFactory.java:208) ~[spring-beans-5.3.9.jar:5.3.9]
	at org.springframework.beans.factory.support.DefaultListableBeanFactory.preInstantiateSingletons(DefaultListableBeanFactory.java:944) ~[spring-beans-5.3.9.jar:5.3.9]
	at org.springframework.context.support.AbstractApplicationContext.finishBeanFactoryInitialization(AbstractApplicationContext.java:918) ~[spring-context-5.3.9.jar:5.3.9]
	at org.springframework.context.support.AbstractApplicationContext.refresh(AbstractApplicationContext.java:583) ~[spring-context-5.3.9.jar:5.3.9]
	at org.springframework.boot.web.servlet.context.ServletWebServerApplicationContext.refresh(ServletWebServerApplicationContext.java:145) ~[spring-boot-2.5.3.jar:2.5.3]
	at org.springframework.boot.SpringApplication.refresh(SpringApplication.java:754) [spring-boot-2.5.3.jar:2.5.3]
	at org.springframework.boot.SpringApplication.refreshContext(SpringApplication.java:434) [spring-boot-2.5.3.jar:2.5.3]
	at org.springframework.boot.SpringApplication.run(SpringApplication.java:338) [spring-boot-2.5.3.jar:2.5.3]
	at org.springframework.boot.SpringApplication.run(SpringApplication.java:1343) [spring-boot-2.5.3.jar:2.5.3]
	at org.springframework.boot.SpringApplication.run(SpringApplication.java:1332) [spring-boot-2.5.3.jar:2.5.3]
	at com.example.RestApplication.main(RestApplication.java:23) [classes/:?]
Caused by: java.lang.IllegalStateException: No schema scripts found at location './src/main/resources/schema.sql'
	at org.springframework.boot.sql.init.AbstractScriptDatabaseInitializer.getScripts(AbstractScriptDatabaseInitializer.java:128) ~[spring-boot-2.5.3.jar:2.5.3]
	at org.springframework.boot.sql.init.AbstractScriptDatabaseInitializer.applyScripts(AbstractScriptDatabaseInitializer.java:105) ~[spring-boot-2.5.3.jar:2.5.3]
	at org.springframework.boot.sql.init.AbstractScriptDatabaseInitializer.applySchemaScripts(AbstractScriptDatabaseInitializer.java:97) ~[spring-boot-2.5.3.jar:2.5.3]
	at org.springframework.boot.sql.init.AbstractScriptDatabaseInitializer.initializeDatabase(AbstractScriptDatabaseInitializer.java:75) ~[spring-boot-2.5.3.jar:2.5.3]
	at org.springframework.boot.sql.init.AbstractScriptDatabaseInitializer.afterPropertiesSet(AbstractScriptDatabaseInitializer.java:65) ~[spring-boot-2.5.3.jar:2.5.3]
	at org.springframework.beans.factory.support.AbstractAutowireCapableBeanFactory.invokeInitMethods(AbstractAutowireCapableBeanFactory.java:1845) ~[spring-beans-5.3.9.jar:5.3.9]
	at org.springframework.beans.factory.support.AbstractAutowireCapableBeanFactory.initializeBean(AbstractAutowireCapableBeanFactory.java:1782) ~[spring-beans-5.3.9.jar:5.3.9]
	... 18 more
