2021/08/15 19:09:57,557 [INFO] [org.springframework.boot.admin.SpringApplicationAdminMXBeanRegistrar$SpringApplicationAdmin] [RMI TCP Connection(25)-127.0.0.1]- Application shutdown requested.
2021/08/15 19:09:57,744 [INFO] [com.zaxxer.hikari.HikariDataSource] [RMI TCP Connection(25)-127.0.0.1]- HikariPool-1 - Shutdown initiated...
2021/08/15 19:09:57,747 [INFO] [com.zaxxer.hikari.HikariDataSource] [RMI TCP Connection(25)-127.0.0.1]- HikariPool-1 - Shutdown completed.
2021/08/15 19:10:05,568 [INFO] [org.springframework.boot.StartupInfoLogger] [main]- Starting RestApplication using Java 1.8.0_282 on 조주현-LAPTOP with PID 11500 (D:\study\srv_rest\workspace\rest\target\classes started by choju in D:\study\srv_rest\workspace\rest)
2021/08/15 19:10:05,580 [INFO] [org.springframework.boot.SpringApplication] [main]- No active profile set, falling back to default profiles: default
2021/08/15 19:10:06,787 [INFO] [org.springframework.boot.web.embedded.tomcat.TomcatWebServer] [main]- Tomcat initialized with port(s): 8080 (http)
2021/08/15 19:10:06,798 [INFO] [org.apache.juli.logging.DirectJDKLog] [main]- Initializing ProtocolHandler ["http-nio-8080"]
2021/08/15 19:10:06,799 [INFO] [org.apache.juli.logging.DirectJDKLog] [main]- Starting service [Tomcat]
2021/08/15 19:10:06,800 [INFO] [org.apache.juli.logging.DirectJDKLog] [main]- Starting Servlet engine: [Apache Tomcat/9.0.50]
2021/08/15 19:10:06,950 [INFO] [org.apache.juli.logging.DirectJDKLog] [main]- Initializing Spring embedded WebApplicationContext
2021/08/15 19:10:06,951 [INFO] [org.springframework.boot.web.servlet.context.ServletWebServerApplicationContext] [main]- Root WebApplicationContext: initialization completed in 1306 ms
2021/08/15 19:10:07,009 [INFO] [com.zaxxer.hikari.HikariDataSource] [main]- HikariPool-1 - Starting...
2021/08/15 19:10:07,243 [INFO] [com.zaxxer.hikari.pool.PoolBase] [main]- HikariPool-1 - Driver does not support get/set network timeout for connections. (net.sf.log4jdbc.sql.jdbcapi.ConnectionSpy.getNetworkTimeout()I)
2021/08/15 19:10:07,274 [INFO] [net.sf.log4jdbc.log.slf4j.Slf4jSpyLogDelegator] [main]- SELECT 1
 {executed in 14 msec}
2021/08/15 19:10:07,276 [INFO] [com.zaxxer.hikari.HikariDataSource] [main]- HikariPool-1 - Start completed.
2021/08/15 19:10:07,285 [INFO] [org.springframework.boot.autoconfigure.h2.H2ConsoleAutoConfiguration] [main]- H2 console available at '/h2-console'. Database available at 'jdbc:h2:file:./rest.db'
2021/08/15 19:10:08,010 [INFO] [org.apache.juli.logging.DirectJDKLog] [main]- Starting ProtocolHandler ["http-nio-8080"]
2021/08/15 19:10:08,028 [INFO] [org.springframework.boot.web.embedded.tomcat.TomcatWebServer] [main]- Tomcat started on port(s): 8080 (http) with context path ''
2021/08/15 19:10:08,039 [INFO] [org.springframework.boot.StartupInfoLogger] [main]- Started RestApplication in 3.158 seconds (JVM running for 4.682)
2021/08/15 19:10:08,041 [INFO] [com.example.RestApplication] [main]- ---원본 args---
2021/08/15 19:10:08,042 [INFO] [com.example.RestApplication] [main]- --spring.output.ansi.enabled=always
2021/08/15 19:10:08,042 [INFO] [com.example.RestApplication] [main]- ---옵션아닌 args---
2021/08/15 19:10:08,042 [INFO] [com.example.RestApplication] [main]- ---옵션 args---
2021/08/15 19:10:08,042 [INFO] [com.example.RestApplication] [main]- spring.output.ansi.enabled : always
2021/08/15 19:10:18,535 [INFO] [org.apache.juli.logging.DirectJDKLog] [http-nio-8080-exec-2]- Initializing Spring DispatcherServlet 'dispatcherServlet'
2021/08/15 19:10:18,535 [INFO] [org.springframework.web.servlet.FrameworkServlet] [http-nio-8080-exec-2]- Initializing Servlet 'dispatcherServlet'
2021/08/15 19:10:18,536 [INFO] [org.springframework.web.servlet.FrameworkServlet] [http-nio-8080-exec-2]- Completed initialization in 1 ms
2021/08/15 19:10:18,590 [INFO] [com.example.controller.PostController] [http-nio-8080-exec-2]- header : [content-type:"application/json", user-agent:"PostmanRuntime/7.28.3", accept:"*/*", cache-control:"no-cache", postman-token:"ded8c224-0c73-4844-9a88-054b04b0b074", host:"localhost:8080", accept-encoding:"gzip, deflate, br", connection:"keep-alive", content-length:"66"]
2021/08/15 19:10:18,591 [INFO] [com.example.controller.PostController] [http-nio-8080-exec-2]- body : {
    "num": 2
  , "id": "chojuhyun002"
  , "pwd": "002!@#$"
}
2021/08/15 19:10:39,182 [INFO] [org.springframework.boot.admin.SpringApplicationAdminMXBeanRegistrar$SpringApplicationAdmin] [RMI TCP Connection(10)-127.0.0.1]- Application shutdown requested.
2021/08/15 19:10:39,361 [INFO] [com.zaxxer.hikari.HikariDataSource] [RMI TCP Connection(10)-127.0.0.1]- HikariPool-1 - Shutdown initiated...
2021/08/15 19:10:39,365 [INFO] [com.zaxxer.hikari.HikariDataSource] [RMI TCP Connection(10)-127.0.0.1]- HikariPool-1 - Shutdown completed.
2021/08/15 19:10:47,187 [INFO] [org.springframework.boot.StartupInfoLogger] [main]- Starting RestApplication using Java 1.8.0_282 on 조주현-LAPTOP with PID 18504 (D:\study\srv_rest\workspace\rest\target\classes started by choju in D:\study\srv_rest\workspace\rest)
2021/08/15 19:10:47,198 [INFO] [org.springframework.boot.SpringApplication] [main]- No active profile set, falling back to default profiles: default
2021/08/15 19:10:48,426 [INFO] [org.springframework.boot.web.embedded.tomcat.TomcatWebServer] [main]- Tomcat initialized with port(s): 8080 (http)
2021/08/15 19:10:48,438 [INFO] [org.apache.juli.logging.DirectJDKLog] [main]- Initializing ProtocolHandler ["http-nio-8080"]
2021/08/15 19:10:48,439 [INFO] [org.apache.juli.logging.DirectJDKLog] [main]- Starting service [Tomcat]
2021/08/15 19:10:48,439 [INFO] [org.apache.juli.logging.DirectJDKLog] [main]- Starting Servlet engine: [Apache Tomcat/9.0.50]
2021/08/15 19:10:48,581 [INFO] [org.apache.juli.logging.DirectJDKLog] [main]- Initializing Spring embedded WebApplicationContext
2021/08/15 19:10:48,582 [INFO] [org.springframework.boot.web.servlet.context.ServletWebServerApplicationContext] [main]- Root WebApplicationContext: initialization completed in 1333 ms
2021/08/15 19:10:48,645 [INFO] [com.zaxxer.hikari.HikariDataSource] [main]- HikariPool-1 - Starting...
2021/08/15 19:10:48,889 [INFO] [com.zaxxer.hikari.pool.PoolBase] [main]- HikariPool-1 - Driver does not support get/set network timeout for connections. (net.sf.log4jdbc.sql.jdbcapi.ConnectionSpy.getNetworkTimeout()I)
2021/08/15 19:10:48,920 [INFO] [net.sf.log4jdbc.log.slf4j.Slf4jSpyLogDelegator] [main]- SELECT 1
 {executed in 14 msec}
2021/08/15 19:10:48,923 [INFO] [com.zaxxer.hikari.HikariDataSource] [main]- HikariPool-1 - Start completed.
2021/08/15 19:10:48,932 [INFO] [org.springframework.boot.autoconfigure.h2.H2ConsoleAutoConfiguration] [main]- H2 console available at '/h2-console'. Database available at 'jdbc:h2:file:./rest.db'
2021/08/15 19:10:49,680 [INFO] [org.apache.juli.logging.DirectJDKLog] [main]- Starting ProtocolHandler ["http-nio-8080"]
2021/08/15 19:10:49,706 [INFO] [org.springframework.boot.web.embedded.tomcat.TomcatWebServer] [main]- Tomcat started on port(s): 8080 (http) with context path ''
2021/08/15 19:10:49,725 [INFO] [org.springframework.boot.StartupInfoLogger] [main]- Started RestApplication in 3.201 seconds (JVM running for 4.729)
2021/08/15 19:10:49,728 [INFO] [com.example.RestApplication] [main]- ---원본 args---
2021/08/15 19:10:49,728 [INFO] [com.example.RestApplication] [main]- --spring.output.ansi.enabled=always
2021/08/15 19:10:49,728 [INFO] [com.example.RestApplication] [main]- ---옵션아닌 args---
2021/08/15 19:10:49,729 [INFO] [com.example.RestApplication] [main]- ---옵션 args---
2021/08/15 19:10:49,729 [INFO] [com.example.RestApplication] [main]- spring.output.ansi.enabled : always
2021/08/15 19:10:53,903 [INFO] [org.apache.juli.logging.DirectJDKLog] [http-nio-8080-exec-1]- Initializing Spring DispatcherServlet 'dispatcherServlet'
2021/08/15 19:10:53,904 [INFO] [org.springframework.web.servlet.FrameworkServlet] [http-nio-8080-exec-1]- Initializing Servlet 'dispatcherServlet'
2021/08/15 19:10:53,905 [INFO] [org.springframework.web.servlet.FrameworkServlet] [http-nio-8080-exec-1]- Completed initialization in 1 ms
2021/08/15 19:10:53,938 [WARN] [org.springframework.web.servlet.handler.AbstractHandlerExceptionResolver] [http-nio-8080-exec-1]- Resolved [org.springframework.web.bind.MissingRequestHeaderException: Required request header 'header' for method parameter type String is not present]
2021/08/15 19:14:29,381 [INFO] [org.springframework.boot.admin.SpringApplicationAdminMXBeanRegistrar$SpringApplicationAdmin] [RMI TCP Connection(13)-127.0.0.1]- Application shutdown requested.
2021/08/15 19:14:29,562 [INFO] [com.zaxxer.hikari.HikariDataSource] [RMI TCP Connection(13)-127.0.0.1]- HikariPool-1 - Shutdown initiated...
2021/08/15 19:14:29,565 [INFO] [com.zaxxer.hikari.HikariDataSource] [RMI TCP Connection(13)-127.0.0.1]- HikariPool-1 - Shutdown completed.
2021/08/15 19:14:38,573 [INFO] [org.springframework.boot.StartupInfoLogger] [main]- Starting RestApplication using Java 1.8.0_282 on 조주현-LAPTOP with PID 9760 (D:\study\srv_rest\workspace\rest\target\classes started by choju in D:\study\srv_rest\workspace\rest)
2021/08/15 19:14:38,582 [INFO] [org.springframework.boot.SpringApplication] [main]- No active profile set, falling back to default profiles: default
2021/08/15 19:14:39,809 [INFO] [org.springframework.boot.web.embedded.tomcat.TomcatWebServer] [main]- Tomcat initialized with port(s): 8080 (http)
2021/08/15 19:14:39,821 [INFO] [org.apache.juli.logging.DirectJDKLog] [main]- Initializing ProtocolHandler ["http-nio-8080"]
2021/08/15 19:14:39,822 [INFO] [org.apache.juli.logging.DirectJDKLog] [main]- Starting service [Tomcat]
2021/08/15 19:14:39,822 [INFO] [org.apache.juli.logging.DirectJDKLog] [main]- Starting Servlet engine: [Apache Tomcat/9.0.50]
2021/08/15 19:14:39,982 [INFO] [org.apache.juli.logging.DirectJDKLog] [main]- Initializing Spring embedded WebApplicationContext
2021/08/15 19:14:39,982 [INFO] [org.springframework.boot.web.servlet.context.ServletWebServerApplicationContext] [main]- Root WebApplicationContext: initialization completed in 1353 ms
2021/08/15 19:14:40,043 [INFO] [com.zaxxer.hikari.HikariDataSource] [main]- HikariPool-1 - Starting...
2021/08/15 19:14:40,250 [INFO] [com.zaxxer.hikari.pool.PoolBase] [main]- HikariPool-1 - Driver does not support get/set network timeout for connections. (net.sf.log4jdbc.sql.jdbcapi.ConnectionSpy.getNetworkTimeout()I)
2021/08/15 19:14:40,281 [INFO] [net.sf.log4jdbc.log.slf4j.Slf4jSpyLogDelegator] [main]- SELECT 1
 {executed in 14 msec}
2021/08/15 19:14:40,284 [INFO] [com.zaxxer.hikari.HikariDataSource] [main]- HikariPool-1 - Start completed.
2021/08/15 19:14:40,293 [INFO] [org.springframework.boot.autoconfigure.h2.H2ConsoleAutoConfiguration] [main]- H2 console available at '/h2-console'. Database available at 'jdbc:h2:file:./rest.db'
2021/08/15 19:14:40,961 [INFO] [org.apache.juli.logging.DirectJDKLog] [main]- Starting ProtocolHandler ["http-nio-8080"]
2021/08/15 19:14:40,988 [INFO] [org.springframework.boot.web.embedded.tomcat.TomcatWebServer] [main]- Tomcat started on port(s): 8080 (http) with context path ''
2021/08/15 19:14:41,006 [INFO] [org.springframework.boot.StartupInfoLogger] [main]- Started RestApplication in 3.096 seconds (JVM running for 4.696)
2021/08/15 19:14:41,010 [INFO] [com.example.RestApplication] [main]- ---원본 args---
2021/08/15 19:14:41,010 [INFO] [com.example.RestApplication] [main]- --spring.output.ansi.enabled=always
2021/08/15 19:14:41,010 [INFO] [com.example.RestApplication] [main]- ---옵션아닌 args---
2021/08/15 19:14:41,010 [INFO] [com.example.RestApplication] [main]- ---옵션 args---
2021/08/15 19:14:41,011 [INFO] [com.example.RestApplication] [main]- spring.output.ansi.enabled : always
2021/08/15 19:14:45,106 [INFO] [org.apache.juli.logging.DirectJDKLog] [http-nio-8080-exec-2]- Initializing Spring DispatcherServlet 'dispatcherServlet'
2021/08/15 19:14:45,106 [INFO] [org.springframework.web.servlet.FrameworkServlet] [http-nio-8080-exec-2]- Initializing Servlet 'dispatcherServlet'
2021/08/15 19:14:45,107 [INFO] [org.springframework.web.servlet.FrameworkServlet] [http-nio-8080-exec-2]- Completed initialization in 1 ms
2021/08/15 19:14:45,144 [WARN] [org.springframework.web.servlet.handler.AbstractHandlerExceptionResolver] [http-nio-8080-exec-2]- Resolved [org.springframework.web.bind.MissingRequestHeaderException: Required request header 'header' for method parameter type RequestHeader is not present]
2021/08/15 19:15:19,857 [INFO] [org.springframework.boot.admin.SpringApplicationAdminMXBeanRegistrar$SpringApplicationAdmin] [RMI TCP Connection(10)-127.0.0.1]- Application shutdown requested.
2021/08/15 19:15:20,034 [INFO] [com.zaxxer.hikari.HikariDataSource] [RMI TCP Connection(10)-127.0.0.1]- HikariPool-1 - Shutdown initiated...
2021/08/15 19:15:20,037 [INFO] [com.zaxxer.hikari.HikariDataSource] [RMI TCP Connection(10)-127.0.0.1]- HikariPool-1 - Shutdown completed.
2021/08/15 19:15:29,488 [INFO] [org.springframework.boot.StartupInfoLogger] [main]- Starting RestApplication using Java 1.8.0_282 on 조주현-LAPTOP with PID 14076 (D:\study\srv_rest\workspace\rest\target\classes started by choju in D:\study\srv_rest\workspace\rest)
2021/08/15 19:15:29,496 [INFO] [org.springframework.boot.SpringApplication] [main]- No active profile set, falling back to default profiles: default
2021/08/15 19:15:30,685 [INFO] [org.springframework.boot.web.embedded.tomcat.TomcatWebServer] [main]- Tomcat initialized with port(s): 8080 (http)
2021/08/15 19:15:30,703 [INFO] [org.apache.juli.logging.DirectJDKLog] [main]- Initializing ProtocolHandler ["http-nio-8080"]
2021/08/15 19:15:30,703 [INFO] [org.apache.juli.logging.DirectJDKLog] [main]- Starting service [Tomcat]
2021/08/15 19:15:30,703 [INFO] [org.apache.juli.logging.DirectJDKLog] [main]- Starting Servlet engine: [Apache Tomcat/9.0.50]
2021/08/15 19:15:30,878 [INFO] [org.apache.juli.logging.DirectJDKLog] [main]- Initializing Spring embedded WebApplicationContext
2021/08/15 19:15:30,879 [INFO] [org.springframework.boot.web.servlet.context.ServletWebServerApplicationContext] [main]- Root WebApplicationContext: initialization completed in 1323 ms
2021/08/15 19:15:30,945 [INFO] [com.zaxxer.hikari.HikariDataSource] [main]- HikariPool-1 - Starting...
2021/08/15 19:15:31,203 [INFO] [com.zaxxer.hikari.pool.PoolBase] [main]- HikariPool-1 - Driver does not support get/set network timeout for connections. (net.sf.log4jdbc.sql.jdbcapi.ConnectionSpy.getNetworkTimeout()I)
2021/08/15 19:15:31,234 [INFO] [net.sf.log4jdbc.log.slf4j.Slf4jSpyLogDelegator] [main]- SELECT 1
 {executed in 14 msec}
2021/08/15 19:15:31,237 [INFO] [com.zaxxer.hikari.HikariDataSource] [main]- HikariPool-1 - Start completed.
2021/08/15 19:15:31,245 [INFO] [org.springframework.boot.autoconfigure.h2.H2ConsoleAutoConfiguration] [main]- H2 console available at '/h2-console'. Database available at 'jdbc:h2:file:./rest.db'
2021/08/15 19:15:31,963 [INFO] [org.apache.juli.logging.DirectJDKLog] [main]- Starting ProtocolHandler ["http-nio-8080"]
2021/08/15 19:15:31,994 [INFO] [org.springframework.boot.web.embedded.tomcat.TomcatWebServer] [main]- Tomcat started on port(s): 8080 (http) with context path ''
2021/08/15 19:15:32,013 [INFO] [org.springframework.boot.StartupInfoLogger] [main]- Started RestApplication in 3.156 seconds (JVM running for 4.661)
2021/08/15 19:15:32,016 [INFO] [com.example.RestApplication] [main]- ---원본 args---
2021/08/15 19:15:32,016 [INFO] [com.example.RestApplication] [main]- --spring.output.ansi.enabled=always
2021/08/15 19:15:32,017 [INFO] [com.example.RestApplication] [main]- ---옵션아닌 args---
2021/08/15 19:15:32,017 [INFO] [com.example.RestApplication] [main]- ---옵션 args---
2021/08/15 19:15:32,017 [INFO] [com.example.RestApplication] [main]- spring.output.ansi.enabled : always
2021/08/15 19:15:36,251 [INFO] [org.apache.juli.logging.DirectJDKLog] [http-nio-8080-exec-2]- Initializing Spring DispatcherServlet 'dispatcherServlet'
2021/08/15 19:15:36,252 [INFO] [org.springframework.web.servlet.FrameworkServlet] [http-nio-8080-exec-2]- Initializing Servlet 'dispatcherServlet'
2021/08/15 19:15:36,253 [INFO] [org.springframework.web.servlet.FrameworkServlet] [http-nio-8080-exec-2]- Completed initialization in 1 ms
2021/08/15 19:15:36,307 [INFO] [com.example.controller.PostController] [http-nio-8080-exec-2]- header : [content-type:"application/json", user-agent:"PostmanRuntime/7.28.3", accept:"*/*", cache-control:"no-cache", postman-token:"ac3de590-dc77-405a-8f43-79e66b1366c7", host:"localhost:8080", accept-encoding:"gzip, deflate, br", connection:"keep-alive", content-length:"66"]
2021/08/15 19:15:36,308 [INFO] [com.example.controller.PostController] [http-nio-8080-exec-2]- body : {
    "num": 2
  , "id": "chojuhyun002"
  , "pwd": "002!@#$"
}
2021/08/15 19:15:46,636 [INFO] [com.example.controller.PostController] [http-nio-8080-exec-3]- header : [content-type:"text/plain", user-agent:"PostmanRuntime/7.28.3", accept:"*/*", cache-control:"no-cache", postman-token:"29333bcd-7cd5-4403-88a2-13e0bf646d24", host:"localhost:8080", accept-encoding:"gzip, deflate, br", connection:"keep-alive", content-length:"66"]
2021/08/15 19:15:46,637 [INFO] [com.example.controller.PostController] [http-nio-8080-exec-3]- body : {
    "num": 2
  , "id": "chojuhyun002"
  , "pwd": "002!@#$"
}
2021/08/15 19:15:57,310 [WARN] [org.springframework.web.servlet.handler.AbstractHandlerExceptionResolver] [http-nio-8080-exec-4]- Resolved [org.springframework.web.HttpMediaTypeNotSupportedException: Content type 'text/plain;charset=UTF-8' not supported]
2021/08/15 19:16:28,749 [WARN] [org.springframework.web.servlet.handler.AbstractHandlerExceptionResolver] [http-nio-8080-exec-5]- Resolved [org.springframework.web.HttpMediaTypeNotSupportedException: Content type 'text/plain;charset=UTF-8' not supported]
2021/08/15 19:17:29,826 [WARN] [org.springframework.web.servlet.handler.AbstractHandlerExceptionResolver] [http-nio-8080-exec-8]- Resolved [org.springframework.web.HttpMediaTypeNotSupportedException: Content type 'text/plain;charset=UTF-8' not supported]
2021/08/15 19:17:49,499 [WARN] [org.springframework.web.servlet.handler.AbstractHandlerExceptionResolver] [http-nio-8080-exec-9]- Resolved [org.springframework.http.converter.HttpMessageNotReadableException: JSON parse error: Invalid numeric value: Leading zeroes not allowed; nested exception is com.fasterxml.jackson.core.JsonParseException: Invalid numeric value: Leading zeroes not allowed
 at [Source: (PushbackInputStream); line: 2, column: 13]]
2021/08/15 19:17:56,022 [INFO] [com.example.controller.PostController] [http-nio-8080-exec-1]- body : num : 3, id : chojuhyun003, pwd : 003!@#$
2021/08/15 19:18:00,136 [WARN] [org.springframework.web.servlet.handler.AbstractHandlerExceptionResolver] [http-nio-8080-exec-2]- Resolved [org.springframework.web.HttpMediaTypeNotSupportedException: Content type 'text/plain;charset=UTF-8' not supported]
2021/08/15 19:18:09,000 [INFO] [com.example.controller.PostController] [http-nio-8080-exec-3]- body : num : 4, id : chojuhyun004, pwd : 004!@#$
2021/08/15 19:18:47,319 [INFO] [com.example.controller.PostController] [http-nio-8080-exec-4]- header : [content-type:"text/plain", user-agent:"PostmanRuntime/7.28.3", accept:"*/*", cache-control:"no-cache", postman-token:"34623d46-da5c-4cc0-aec1-c69da23b4dc6", host:"localhost:8080", accept-encoding:"gzip, deflate, br", connection:"keep-alive", content-length:"66"]
2021/08/15 19:18:47,319 [INFO] [com.example.controller.PostController] [http-nio-8080-exec-4]- body : {
    "num": 2
  , "id": "chojuhyun002"
  , "pwd": "002!@#$"
}
2021/08/15 19:19:05,496 [WARN] [org.springframework.web.servlet.handler.AbstractHandlerExceptionResolver] [http-nio-8080-exec-5]- Resolved [org.springframework.web.HttpMediaTypeNotSupportedException: Content type 'text/plain;charset=UTF-8' not supported]
2021/08/15 19:19:14,713 [INFO] [com.example.controller.PostController] [http-nio-8080-exec-6]- body : num : 3, id : chojuhyun003, pwd : 003!@#$
2021/08/15 19:19:18,586 [WARN] [org.springframework.web.servlet.handler.AbstractHandlerExceptionResolver] [http-nio-8080-exec-7]- Resolved [org.springframework.web.HttpMediaTypeNotSupportedException: Content type 'text/plain;charset=UTF-8' not supported]
2021/08/15 19:19:32,588 [INFO] [com.example.controller.PostController] [http-nio-8080-exec-8]- header : {content-type=application/json, user-agent=PostmanRuntime/7.28.3, accept=*/*, cache-control=no-cache, postman-token=846a8ba9-28e3-4d08-b0d1-a92b06805437, host=localhost:8080, accept-encoding=gzip, deflate, br, connection=keep-alive, content-length=66}
2021/08/15 19:19:32,589 [INFO] [com.example.controller.PostController] [http-nio-8080-exec-8]- body : {num=1, id=chojuhyun001, pwd=001!@#$}
2021/08/15 19:19:32,590 [INFO] [com.example.controller.PostController] [http-nio-8080-exec-8]- num : 1, id : chojuhyun001, pwd : 001!@#$
2021/08/15 19:19:43,334 [INFO] [com.example.controller.PostController] [http-nio-8080-exec-9]- header : [content-type:"text/plain", user-agent:"PostmanRuntime/7.28.3", accept:"*/*", cache-control:"no-cache", postman-token:"aec95919-16ac-4058-acfb-885695dc101e", host:"localhost:8080", accept-encoding:"gzip, deflate, br", connection:"keep-alive", content-length:"66"]
2021/08/15 19:19:43,335 [INFO] [com.example.controller.PostController] [http-nio-8080-exec-9]- body : {
    "num": 2
  , "id": "chojuhyun002"
  , "pwd": "002!@#$"
}
2021/08/15 19:21:46,121 [INFO] [com.example.controller.PostController] [http-nio-8080-exec-2]- header : [content-type:"application/json", user-agent:"PostmanRuntime/7.28.3", accept:"*/*", cache-control:"no-cache", postman-token:"dbfc92fa-05a3-470c-9368-c99ca693342d", host:"localhost:8080", accept-encoding:"gzip, deflate, br", connection:"keep-alive", content-length:"66"]
2021/08/15 19:21:46,122 [INFO] [com.example.controller.PostController] [http-nio-8080-exec-2]- body : {
    "num": 2
  , "id": "chojuhyun002"
  , "pwd": "002!@#$"
}
2021/08/15 19:24:17,517 [INFO] [org.springframework.boot.admin.SpringApplicationAdminMXBeanRegistrar$SpringApplicationAdmin] [RMI TCP Connection(18)-127.0.0.1]- Application shutdown requested.
2021/08/15 19:24:17,718 [INFO] [com.zaxxer.hikari.HikariDataSource] [RMI TCP Connection(18)-127.0.0.1]- HikariPool-1 - Shutdown initiated...
2021/08/15 19:24:17,722 [INFO] [com.zaxxer.hikari.HikariDataSource] [RMI TCP Connection(18)-127.0.0.1]- HikariPool-1 - Shutdown completed.
2021/08/15 19:24:26,786 [INFO] [org.springframework.boot.StartupInfoLogger] [main]- Starting RestApplication using Java 1.8.0_282 on 조주현-LAPTOP with PID 13268 (D:\study\srv_rest\workspace\rest\target\classes started by choju in D:\study\srv_rest\workspace\rest)
2021/08/15 19:24:26,796 [INFO] [org.springframework.boot.SpringApplication] [main]- No active profile set, falling back to default profiles: default
2021/08/15 19:24:28,063 [INFO] [org.springframework.boot.web.embedded.tomcat.TomcatWebServer] [main]- Tomcat initialized with port(s): 8080 (http)
2021/08/15 19:24:28,075 [INFO] [org.apache.juli.logging.DirectJDKLog] [main]- Initializing ProtocolHandler ["http-nio-8080"]
2021/08/15 19:24:28,075 [INFO] [org.apache.juli.logging.DirectJDKLog] [main]- Starting service [Tomcat]
2021/08/15 19:24:28,075 [INFO] [org.apache.juli.logging.DirectJDKLog] [main]- Starting Servlet engine: [Apache Tomcat/9.0.50]
2021/08/15 19:24:28,224 [INFO] [org.apache.juli.logging.DirectJDKLog] [main]- Initializing Spring embedded WebApplicationContext
2021/08/15 19:24:28,225 [INFO] [org.springframework.boot.web.servlet.context.ServletWebServerApplicationContext] [main]- Root WebApplicationContext: initialization completed in 1380 ms
2021/08/15 19:24:28,283 [INFO] [com.zaxxer.hikari.HikariDataSource] [main]- HikariPool-1 - Starting...
2021/08/15 19:24:28,488 [INFO] [com.zaxxer.hikari.pool.PoolBase] [main]- HikariPool-1 - Driver does not support get/set network timeout for connections. (net.sf.log4jdbc.sql.jdbcapi.ConnectionSpy.getNetworkTimeout()I)
2021/08/15 19:24:28,520 [INFO] [net.sf.log4jdbc.log.slf4j.Slf4jSpyLogDelegator] [main]- SELECT 1
 {executed in 14 msec}
2021/08/15 19:24:28,522 [INFO] [com.zaxxer.hikari.HikariDataSource] [main]- HikariPool-1 - Start completed.
2021/08/15 19:24:28,531 [INFO] [org.springframework.boot.autoconfigure.h2.H2ConsoleAutoConfiguration] [main]- H2 console available at '/h2-console'. Database available at 'jdbc:h2:file:./rest.db'
2021/08/15 19:24:29,256 [INFO] [org.apache.juli.logging.DirectJDKLog] [main]- Starting ProtocolHandler ["http-nio-8080"]
2021/08/15 19:24:29,274 [INFO] [org.springframework.boot.web.embedded.tomcat.TomcatWebServer] [main]- Tomcat started on port(s): 8080 (http) with context path ''
2021/08/15 19:24:29,285 [INFO] [org.springframework.boot.StartupInfoLogger] [main]- Started RestApplication in 3.101 seconds (JVM running for 4.583)
2021/08/15 19:24:29,287 [INFO] [com.example.RestApplication] [main]- ---원본 args---
2021/08/15 19:24:29,287 [INFO] [com.example.RestApplication] [main]- --spring.output.ansi.enabled=always
2021/08/15 19:24:29,287 [INFO] [com.example.RestApplication] [main]- ---옵션아닌 args---
2021/08/15 19:24:29,288 [INFO] [com.example.RestApplication] [main]- ---옵션 args---
2021/08/15 19:24:29,288 [INFO] [com.example.RestApplication] [main]- spring.output.ansi.enabled : always
2021/08/15 19:24:36,611 [INFO] [org.apache.juli.logging.DirectJDKLog] [http-nio-8080-exec-1]- Initializing Spring DispatcherServlet 'dispatcherServlet'
2021/08/15 19:24:36,612 [INFO] [org.springframework.web.servlet.FrameworkServlet] [http-nio-8080-exec-1]- Initializing Servlet 'dispatcherServlet'
2021/08/15 19:24:36,614 [INFO] [org.springframework.web.servlet.FrameworkServlet] [http-nio-8080-exec-1]- Completed initialization in 2 ms
2021/08/15 19:24:36,694 [WARN] [org.springframework.core.log.CompositeLog] [http-nio-8080-exec-1]- Failed to evaluate Jackson deserialization for type [[simple type, class org.springframework.web.bind.annotation.RequestBody]]: com.fasterxml.jackson.databind.JsonMappingException: Cannot deserialize Class org.springframework.web.bind.annotation.RequestBody (of type annotation) as a Bean
2021/08/15 19:24:36,695 [WARN] [org.springframework.core.log.CompositeLog] [http-nio-8080-exec-1]- Failed to evaluate Jackson deserialization for type [[simple type, class org.springframework.web.bind.annotation.RequestBody]]: com.fasterxml.jackson.databind.JsonMappingException: Cannot deserialize Class org.springframework.web.bind.annotation.RequestBody (of type annotation) as a Bean
2021/08/15 19:24:36,699 [WARN] [org.springframework.web.servlet.handler.AbstractHandlerExceptionResolver] [http-nio-8080-exec-1]- Resolved [org.springframework.web.HttpMediaTypeNotSupportedException: Content type 'application/json;charset=UTF-8' not supported]
2021/08/15 19:25:15,539 [WARN] [org.springframework.web.servlet.handler.AbstractHandlerExceptionResolver] [http-nio-8080-exec-3]- Resolved [org.springframework.web.HttpMediaTypeNotSupportedException: Content type 'text/plain;charset=UTF-8' not supported]
2021/08/15 19:25:20,267 [WARN] [org.springframework.core.log.CompositeLog] [http-nio-8080-exec-4]- Failed to evaluate Jackson deserialization for type [[simple type, class org.springframework.web.bind.annotation.RequestBody]]: com.fasterxml.jackson.databind.JsonMappingException: Cannot deserialize Class org.springframework.web.bind.annotation.RequestBody (of type annotation) as a Bean
2021/08/15 19:25:20,268 [WARN] [org.springframework.core.log.CompositeLog] [http-nio-8080-exec-4]- Failed to evaluate Jackson deserialization for type [[simple type, class org.springframework.web.bind.annotation.RequestBody]]: com.fasterxml.jackson.databind.JsonMappingException: Cannot deserialize Class org.springframework.web.bind.annotation.RequestBody (of type annotation) as a Bean
2021/08/15 19:25:20,269 [WARN] [org.springframework.web.servlet.handler.AbstractHandlerExceptionResolver] [http-nio-8080-exec-4]- Resolved [org.springframework.web.HttpMediaTypeNotSupportedException: Content type 'application/json;charset=UTF-8' not supported]
2021/08/15 19:25:37,240 [INFO] [org.springframework.boot.admin.SpringApplicationAdminMXBeanRegistrar$SpringApplicationAdmin] [RMI TCP Connection(9)-127.0.0.1]- Application shutdown requested.
2021/08/15 19:25:37,414 [INFO] [com.zaxxer.hikari.HikariDataSource] [RMI TCP Connection(9)-127.0.0.1]- HikariPool-1 - Shutdown initiated...
2021/08/15 19:25:37,417 [INFO] [com.zaxxer.hikari.HikariDataSource] [RMI TCP Connection(9)-127.0.0.1]- HikariPool-1 - Shutdown completed.
2021/08/15 19:25:44,170 [INFO] [org.springframework.boot.StartupInfoLogger] [main]- Starting RestApplication using Java 1.8.0_282 on 조주현-LAPTOP with PID 15048 (D:\study\srv_rest\workspace\rest\target\classes started by choju in D:\study\srv_rest\workspace\rest)
2021/08/15 19:25:44,183 [INFO] [org.springframework.boot.SpringApplication] [main]- No active profile set, falling back to default profiles: default
2021/08/15 19:25:45,402 [INFO] [org.springframework.boot.web.embedded.tomcat.TomcatWebServer] [main]- Tomcat initialized with port(s): 8080 (http)
2021/08/15 19:25:45,421 [INFO] [org.apache.juli.logging.DirectJDKLog] [main]- Initializing ProtocolHandler ["http-nio-8080"]
2021/08/15 19:25:45,422 [INFO] [org.apache.juli.logging.DirectJDKLog] [main]- Starting service [Tomcat]
2021/08/15 19:25:45,423 [INFO] [org.apache.juli.logging.DirectJDKLog] [main]- Starting Servlet engine: [Apache Tomcat/9.0.50]
2021/08/15 19:25:45,587 [INFO] [org.apache.juli.logging.DirectJDKLog] [main]- Initializing Spring embedded WebApplicationContext
2021/08/15 19:25:45,587 [INFO] [org.springframework.boot.web.servlet.context.ServletWebServerApplicationContext] [main]- Root WebApplicationContext: initialization completed in 1359 ms
2021/08/15 19:25:45,655 [INFO] [com.zaxxer.hikari.HikariDataSource] [main]- HikariPool-1 - Starting...
2021/08/15 19:25:45,887 [INFO] [com.zaxxer.hikari.pool.PoolBase] [main]- HikariPool-1 - Driver does not support get/set network timeout for connections. (net.sf.log4jdbc.sql.jdbcapi.ConnectionSpy.getNetworkTimeout()I)
2021/08/15 19:25:45,918 [INFO] [net.sf.log4jdbc.log.slf4j.Slf4jSpyLogDelegator] [main]- SELECT 1
 {executed in 14 msec}
2021/08/15 19:25:45,921 [INFO] [com.zaxxer.hikari.HikariDataSource] [main]- HikariPool-1 - Start completed.
2021/08/15 19:25:45,929 [INFO] [org.springframework.boot.autoconfigure.h2.H2ConsoleAutoConfiguration] [main]- H2 console available at '/h2-console'. Database available at 'jdbc:h2:file:./rest.db'
2021/08/15 19:25:46,608 [INFO] [org.apache.juli.logging.DirectJDKLog] [main]- Starting ProtocolHandler ["http-nio-8080"]
2021/08/15 19:25:46,626 [INFO] [org.springframework.boot.web.embedded.tomcat.TomcatWebServer] [main]- Tomcat started on port(s): 8080 (http) with context path ''
2021/08/15 19:25:46,637 [INFO] [org.springframework.boot.StartupInfoLogger] [main]- Started RestApplication in 3.166 seconds (JVM running for 4.692)
2021/08/15 19:25:46,639 [INFO] [com.example.RestApplication] [main]- ---원본 args---
2021/08/15 19:25:46,639 [INFO] [com.example.RestApplication] [main]- --spring.output.ansi.enabled=always
2021/08/15 19:25:46,640 [INFO] [com.example.RestApplication] [main]- ---옵션아닌 args---
2021/08/15 19:25:46,640 [INFO] [com.example.RestApplication] [main]- ---옵션 args---
2021/08/15 19:25:46,640 [INFO] [com.example.RestApplication] [main]- spring.output.ansi.enabled : always
2021/08/15 19:25:49,868 [INFO] [org.apache.juli.logging.DirectJDKLog] [http-nio-8080-exec-1]- Initializing Spring DispatcherServlet 'dispatcherServlet'
2021/08/15 19:25:49,868 [INFO] [org.springframework.web.servlet.FrameworkServlet] [http-nio-8080-exec-1]- Initializing Servlet 'dispatcherServlet'
2021/08/15 19:25:49,869 [INFO] [org.springframework.web.servlet.FrameworkServlet] [http-nio-8080-exec-1]- Completed initialization in 1 ms
2021/08/15 19:25:49,923 [INFO] [com.example.controller.PostController] [http-nio-8080-exec-1]- header : [content-type:"application/json", user-agent:"PostmanRuntime/7.28.3", accept:"*/*", cache-control:"no-cache", postman-token:"493034dc-4c35-4c87-8240-892ebff51d2a", host:"localhost:8080", accept-encoding:"gzip, deflate, br", connection:"keep-alive", content-length:"66"]
2021/08/15 19:25:49,924 [INFO] [com.example.controller.PostController] [http-nio-8080-exec-1]- body : {
    "num": 2
  , "id": "chojuhyun002"
  , "pwd": "002!@#$"
}
2021/08/15 19:29:26,405 [INFO] [org.springframework.boot.admin.SpringApplicationAdminMXBeanRegistrar$SpringApplicationAdmin] [RMI TCP Connection(13)-127.0.0.1]- Application shutdown requested.
2021/08/15 19:29:26,577 [INFO] [com.zaxxer.hikari.HikariDataSource] [RMI TCP Connection(13)-127.0.0.1]- HikariPool-1 - Shutdown initiated...
2021/08/15 19:29:26,580 [INFO] [com.zaxxer.hikari.HikariDataSource] [RMI TCP Connection(13)-127.0.0.1]- HikariPool-1 - Shutdown completed.
2021/08/15 19:29:34,755 [INFO] [org.springframework.boot.StartupInfoLogger] [main]- Starting RestApplication using Java 1.8.0_282 on 조주현-LAPTOP with PID 9660 (D:\study\srv_rest\workspace\rest\target\classes started by choju in D:\study\srv_rest\workspace\rest)
2021/08/15 19:29:34,764 [INFO] [org.springframework.boot.SpringApplication] [main]- No active profile set, falling back to default profiles: default
2021/08/15 19:29:36,060 [INFO] [org.springframework.boot.web.embedded.tomcat.TomcatWebServer] [main]- Tomcat initialized with port(s): 8080 (http)
2021/08/15 19:29:36,071 [INFO] [org.apache.juli.logging.DirectJDKLog] [main]- Initializing ProtocolHandler ["http-nio-8080"]
2021/08/15 19:29:36,071 [INFO] [org.apache.juli.logging.DirectJDKLog] [main]- Starting service [Tomcat]
2021/08/15 19:29:36,072 [INFO] [org.apache.juli.logging.DirectJDKLog] [main]- Starting Servlet engine: [Apache Tomcat/9.0.50]
2021/08/15 19:29:36,205 [INFO] [org.apache.juli.logging.DirectJDKLog] [main]- Initializing Spring embedded WebApplicationContext
2021/08/15 19:29:36,206 [INFO] [org.springframework.boot.web.servlet.context.ServletWebServerApplicationContext] [main]- Root WebApplicationContext: initialization completed in 1388 ms
2021/08/15 19:29:36,264 [INFO] [com.zaxxer.hikari.HikariDataSource] [main]- HikariPool-1 - Starting...
2021/08/15 19:29:36,496 [INFO] [com.zaxxer.hikari.pool.PoolBase] [main]- HikariPool-1 - Driver does not support get/set network timeout for connections. (net.sf.log4jdbc.sql.jdbcapi.ConnectionSpy.getNetworkTimeout()I)
2021/08/15 19:29:36,528 [INFO] [net.sf.log4jdbc.log.slf4j.Slf4jSpyLogDelegator] [main]- SELECT 1
 {executed in 15 msec}
2021/08/15 19:29:36,531 [INFO] [com.zaxxer.hikari.HikariDataSource] [main]- HikariPool-1 - Start completed.
2021/08/15 19:29:36,539 [INFO] [org.springframework.boot.autoconfigure.h2.H2ConsoleAutoConfiguration] [main]- H2 console available at '/h2-console'. Database available at 'jdbc:h2:file:./rest.db'
2021/08/15 19:29:37,191 [INFO] [org.apache.juli.logging.DirectJDKLog] [main]- Starting ProtocolHandler ["http-nio-8080"]
2021/08/15 19:29:37,208 [INFO] [org.springframework.boot.web.embedded.tomcat.TomcatWebServer] [main]- Tomcat started on port(s): 8080 (http) with context path ''
2021/08/15 19:29:37,219 [INFO] [org.springframework.boot.StartupInfoLogger] [main]- Started RestApplication in 3.106 seconds (JVM running for 4.679)
2021/08/15 19:29:37,221 [INFO] [com.example.RestApplication] [main]- ---원본 args---
2021/08/15 19:29:37,221 [INFO] [com.example.RestApplication] [main]- --spring.output.ansi.enabled=always
2021/08/15 19:29:37,222 [INFO] [com.example.RestApplication] [main]- ---옵션아닌 args---
2021/08/15 19:29:37,222 [INFO] [com.example.RestApplication] [main]- ---옵션 args---
2021/08/15 19:29:37,222 [INFO] [com.example.RestApplication] [main]- spring.output.ansi.enabled : always
2021/08/15 19:29:43,039 [INFO] [org.apache.juli.logging.DirectJDKLog] [http-nio-8080-exec-1]- Initializing Spring DispatcherServlet 'dispatcherServlet'
2021/08/15 19:29:43,039 [INFO] [org.springframework.web.servlet.FrameworkServlet] [http-nio-8080-exec-1]- Initializing Servlet 'dispatcherServlet'
2021/08/15 19:29:43,040 [INFO] [org.springframework.web.servlet.FrameworkServlet] [http-nio-8080-exec-1]- Completed initialization in 1 ms
2021/08/15 19:29:43,094 [INFO] [com.example.controller.PostController] [http-nio-8080-exec-1]- header : {content-type=application/json, user-agent=PostmanRuntime/7.28.3, accept=*/*, cache-control=no-cache, postman-token=c18d516b-42b9-4564-aeae-b8d7621b4254, host=localhost:8080, accept-encoding=gzip, deflate, br, connection=keep-alive, content-length=66}
2021/08/15 19:29:43,094 [INFO] [com.example.controller.PostController] [http-nio-8080-exec-1]- body : {
    "num": 2
  , "id": "chojuhyun002"
  , "pwd": "002!@#$"
}
2021/08/15 19:29:46,768 [INFO] [com.example.controller.PostController] [http-nio-8080-exec-3]- header : {content-type=text/plain, user-agent=PostmanRuntime/7.28.3, accept=*/*, cache-control=no-cache, postman-token=75a7f32a-eb7d-436f-9f54-98341859a234, host=localhost:8080, accept-encoding=gzip, deflate, br, connection=keep-alive, content-length=66}
2021/08/15 19:29:46,769 [INFO] [com.example.controller.PostController] [http-nio-8080-exec-3]- body : {
    "num": 2
  , "id": "chojuhyun002"
  , "pwd": "002!@#$"
}
2021/08/15 19:29:52,611 [INFO] [com.example.controller.PostController] [http-nio-8080-exec-4]- header : {content-type=application/json, user-agent=PostmanRuntime/7.28.3, accept=*/*, cache-control=no-cache, postman-token=2253c917-8931-48bb-9a24-e4d42b2ececb, host=localhost:8080, accept-encoding=gzip, deflate, br, connection=keep-alive, content-length=66}
2021/08/15 19:29:52,612 [INFO] [com.example.controller.PostController] [http-nio-8080-exec-4]- body : {
    "num": 2
  , "id": "chojuhyun002"
  , "pwd": "002!@#$"
}
2021/08/15 19:30:11,390 [INFO] [org.springframework.boot.admin.SpringApplicationAdminMXBeanRegistrar$SpringApplicationAdmin] [RMI TCP Connection(10)-127.0.0.1]- Application shutdown requested.
2021/08/15 19:30:11,556 [INFO] [org.springframework.boot.admin.SpringApplicationAdminMXBeanRegistrar$SpringApplicationAdmin] [RMI TCP Connection(11)-127.0.0.1]- Application shutdown requested.
2021/08/15 19:30:11,572 [INFO] [com.zaxxer.hikari.HikariDataSource] [RMI TCP Connection(10)-127.0.0.1]- HikariPool-1 - Shutdown initiated...
2021/08/15 19:30:11,575 [INFO] [com.zaxxer.hikari.HikariDataSource] [RMI TCP Connection(10)-127.0.0.1]- HikariPool-1 - Shutdown completed.
2021/08/15 19:30:18,718 [INFO] [org.springframework.boot.StartupInfoLogger] [main]- Starting RestApplication using Java 1.8.0_282 on 조주현-LAPTOP with PID 9520 (D:\study\srv_rest\workspace\rest\target\classes started by choju in D:\study\srv_rest\workspace\rest)
2021/08/15 19:30:18,730 [INFO] [org.springframework.boot.SpringApplication] [main]- No active profile set, falling back to default profiles: default
2021/08/15 19:30:19,920 [INFO] [org.springframework.boot.web.embedded.tomcat.TomcatWebServer] [main]- Tomcat initialized with port(s): 8080 (http)
2021/08/15 19:30:19,933 [INFO] [org.apache.juli.logging.DirectJDKLog] [main]- Initializing ProtocolHandler ["http-nio-8080"]
2021/08/15 19:30:19,934 [INFO] [org.apache.juli.logging.DirectJDKLog] [main]- Starting service [Tomcat]
2021/08/15 19:30:19,935 [INFO] [org.apache.juli.logging.DirectJDKLog] [main]- Starting Servlet engine: [Apache Tomcat/9.0.50]
2021/08/15 19:30:20,099 [INFO] [org.apache.juli.logging.DirectJDKLog] [main]- Initializing Spring embedded WebApplicationContext
2021/08/15 19:30:20,100 [INFO] [org.springframework.boot.web.servlet.context.ServletWebServerApplicationContext] [main]- Root WebApplicationContext: initialization completed in 1326 ms
2021/08/15 19:30:20,155 [INFO] [com.zaxxer.hikari.HikariDataSource] [main]- HikariPool-1 - Starting...
2021/08/15 19:30:20,389 [INFO] [com.zaxxer.hikari.pool.PoolBase] [main]- HikariPool-1 - Driver does not support get/set network timeout for connections. (net.sf.log4jdbc.sql.jdbcapi.ConnectionSpy.getNetworkTimeout()I)
2021/08/15 19:30:20,421 [INFO] [net.sf.log4jdbc.log.slf4j.Slf4jSpyLogDelegator] [main]- SELECT 1
 {executed in 14 msec}
2021/08/15 19:30:20,423 [INFO] [com.zaxxer.hikari.HikariDataSource] [main]- HikariPool-1 - Start completed.
2021/08/15 19:30:20,432 [INFO] [org.springframework.boot.autoconfigure.h2.H2ConsoleAutoConfiguration] [main]- H2 console available at '/h2-console'. Database available at 'jdbc:h2:file:./rest.db'
2021/08/15 19:30:21,093 [INFO] [org.apache.juli.logging.DirectJDKLog] [main]- Starting ProtocolHandler ["http-nio-8080"]
2021/08/15 19:30:21,111 [INFO] [org.springframework.boot.web.embedded.tomcat.TomcatWebServer] [main]- Tomcat started on port(s): 8080 (http) with context path ''
2021/08/15 19:30:21,123 [INFO] [org.springframework.boot.StartupInfoLogger] [main]- Started RestApplication in 3.043 seconds (JVM running for 4.593)
2021/08/15 19:30:21,125 [INFO] [com.example.RestApplication] [main]- ---원본 args---
2021/08/15 19:30:21,125 [INFO] [com.example.RestApplication] [main]- --spring.output.ansi.enabled=always
2021/08/15 19:30:21,125 [INFO] [com.example.RestApplication] [main]- ---옵션아닌 args---
2021/08/15 19:30:21,125 [INFO] [com.example.RestApplication] [main]- ---옵션 args---
2021/08/15 19:30:21,125 [INFO] [com.example.RestApplication] [main]- spring.output.ansi.enabled : always
2021/08/15 19:30:27,961 [INFO] [org.apache.juli.logging.DirectJDKLog] [http-nio-8080-exec-1]- Initializing Spring DispatcherServlet 'dispatcherServlet'
2021/08/15 19:30:27,962 [INFO] [org.springframework.web.servlet.FrameworkServlet] [http-nio-8080-exec-1]- Initializing Servlet 'dispatcherServlet'
2021/08/15 19:30:27,964 [INFO] [org.springframework.web.servlet.FrameworkServlet] [http-nio-8080-exec-1]- Completed initialization in 1 ms
2021/08/15 19:30:28,067 [INFO] [com.example.controller.PostController] [http-nio-8080-exec-1]- header : {content-type=application/json, user-agent=PostmanRuntime/7.28.3, accept=*/*, cache-control=no-cache, postman-token=8a11c847-1593-48bb-b789-90275ca84e23, host=localhost:8080, accept-encoding=gzip, deflate, br, connection=keep-alive, content-length=66}
2021/08/15 19:30:28,067 [INFO] [com.example.controller.PostController] [http-nio-8080-exec-1]- body : {num=2, id=chojuhyun002, pwd=002!@#$}
2021/08/15 19:30:32,880 [WARN] [org.springframework.web.servlet.handler.AbstractHandlerExceptionResolver] [http-nio-8080-exec-4]- Resolved [org.springframework.web.HttpMediaTypeNotSupportedException: Content type 'text/plain;charset=UTF-8' not supported]
2021/08/15 19:30:40,996 [INFO] [org.springframework.boot.admin.SpringApplicationAdminMXBeanRegistrar$SpringApplicationAdmin] [RMI TCP Connection(7)-127.0.0.1]- Application shutdown requested.
2021/08/15 19:30:41,249 [INFO] [org.springframework.boot.admin.SpringApplicationAdminMXBeanRegistrar$SpringApplicationAdmin] [RMI TCP Connection(8)-127.0.0.1]- Application shutdown requested.
2021/08/15 19:30:41,259 [INFO] [com.zaxxer.hikari.HikariDataSource] [RMI TCP Connection(7)-127.0.0.1]- HikariPool-1 - Shutdown initiated...
2021/08/15 19:30:41,262 [INFO] [com.zaxxer.hikari.HikariDataSource] [RMI TCP Connection(7)-127.0.0.1]- HikariPool-1 - Shutdown completed.
