2021/08/21 19:13:01,173 [INFO] [org.springframework.boot.StartupInfoLogger] [main]- Starting RestApplication using Java 1.8.0_282 on 조주현-LAPTOP with PID 9644 (D:\study\srv_rest\workspace\rest\target\classes started by choju in D:\study\srv_rest\workspace\rest)
2021/08/21 19:13:01,188 [INFO] [org.springframework.boot.SpringApplication] [main]- No active profile set, falling back to default profiles: default
2021/08/21 19:13:02,562 [INFO] [org.springframework.boot.web.embedded.tomcat.TomcatWebServer] [main]- Tomcat initialized with port(s): 8080 (http)
2021/08/21 19:13:02,574 [INFO] [org.apache.juli.logging.DirectJDKLog] [main]- Initializing ProtocolHandler ["http-nio-8080"]
2021/08/21 19:13:02,575 [INFO] [org.apache.juli.logging.DirectJDKLog] [main]- Starting service [Tomcat]
2021/08/21 19:13:02,582 [INFO] [org.apache.juli.logging.DirectJDKLog] [main]- Starting Servlet engine: [Apache Tomcat/9.0.50]
2021/08/21 19:13:02,734 [INFO] [org.apache.juli.logging.DirectJDKLog] [main]- Initializing Spring embedded WebApplicationContext
2021/08/21 19:13:02,735 [INFO] [org.springframework.boot.web.servlet.context.ServletWebServerApplicationContext] [main]- Root WebApplicationContext: initialization completed in 1500 ms
2021/08/21 19:13:02,776 [INFO] [com.zaxxer.hikari.HikariDataSource] [main]- HikariPool-1 - Starting...
2021/08/21 19:13:02,996 [INFO] [com.zaxxer.hikari.pool.PoolBase] [main]- HikariPool-1 - Driver does not support get/set network timeout for connections. (net.sf.log4jdbc.sql.jdbcapi.ConnectionSpy.getNetworkTimeout()I)
2021/08/21 19:13:03,028 [INFO] [net.sf.log4jdbc.log.slf4j.Slf4jSpyLogDelegator] [main]- SELECT 1
 {executed in 13 msec}
2021/08/21 19:13:03,031 [INFO] [com.zaxxer.hikari.HikariDataSource] [main]- HikariPool-1 - Start completed.
2021/08/21 19:13:03,040 [INFO] [org.springframework.boot.autoconfigure.h2.H2ConsoleAutoConfiguration] [main]- H2 console available at '/h2-console'. Database available at 'jdbc:h2:file:./rest.db'
2021/08/21 19:13:03,676 [INFO] [net.sf.log4jdbc.log.slf4j.Slf4jSpyLogDelegator] [main]- SELECT 1
 {executed in 8 msec}
2021/08/21 19:13:03,682 [INFO] [net.sf.log4jdbc.log.slf4j.Slf4jSpyLogDelegator] [main]- DROP TABLE IF EXISTS user
 {executed in 3 msec}
2021/08/21 19:13:03,687 [INFO] [net.sf.log4jdbc.log.slf4j.Slf4jSpyLogDelegator] [main]- CREATE TABLE IF NOT EXISTS user ( num bigint auto_increment , id varchar( 24 ) NOT NULL , pwd varchar( 24 ) NOT NULL , primary key( num ) )
 {executed in 4 msec}
2021/08/21 19:13:03,691 [INFO] [net.sf.log4jdbc.log.slf4j.Slf4jSpyLogDelegator] [main]- INSERT INTO user( id, pwd ) VALUES( 'test001', '001!@#$' )
 {executed in 1 msec}
2021/08/21 19:13:03,691 [INFO] [net.sf.log4jdbc.log.slf4j.Slf4jSpyLogDelegator] [main]- INSERT INTO user( id, pwd ) VALUES( 'test002', '002!@#$' )
 {executed in 0 msec}
2021/08/21 19:13:03,692 [INFO] [net.sf.log4jdbc.log.slf4j.Slf4jSpyLogDelegator] [main]- INSERT INTO user( id, pwd ) VALUES( 'test003', '003!@#$' )
 {executed in 1 msec}
2021/08/21 19:13:03,692 [INFO] [net.sf.log4jdbc.log.slf4j.Slf4jSpyLogDelegator] [main]- INSERT INTO user( id, pwd ) VALUES( 'test004', '004!@#$' )
 {executed in 0 msec}
2021/08/21 19:13:03,693 [INFO] [net.sf.log4jdbc.log.slf4j.Slf4jSpyLogDelegator] [main]- INSERT INTO user( id, pwd ) VALUES( 'test005', '005!@#$' )
 {executed in 1 msec}
2021/08/21 19:13:03,694 [INFO] [net.sf.log4jdbc.log.slf4j.Slf4jSpyLogDelegator] [main]- INSERT INTO user( id, pwd ) VALUES( 'test006', '006!@#$' )
 {executed in 1 msec}
2021/08/21 19:13:03,694 [INFO] [net.sf.log4jdbc.log.slf4j.Slf4jSpyLogDelegator] [main]- INSERT INTO user( id, pwd ) VALUES( 'test007', '007!@#$' )
 {executed in 0 msec}
2021/08/21 19:13:03,695 [INFO] [net.sf.log4jdbc.log.slf4j.Slf4jSpyLogDelegator] [main]- INSERT INTO user( id, pwd ) VALUES( 'test008', '008!@#$' )
 {executed in 1 msec}
2021/08/21 19:13:03,696 [INFO] [net.sf.log4jdbc.log.slf4j.Slf4jSpyLogDelegator] [main]- INSERT INTO user( id, pwd ) VALUES( 'test009', '009!@#$' )
 {executed in 0 msec}
2021/08/21 19:13:03,696 [INFO] [net.sf.log4jdbc.log.slf4j.Slf4jSpyLogDelegator] [main]- INSERT INTO user( id, pwd ) VALUES( 'test010', '010!@#$' )
 {executed in 0 msec}
2021/08/21 19:13:03,749 [INFO] [org.apache.juli.logging.DirectJDKLog] [main]- Starting ProtocolHandler ["http-nio-8080"]
2021/08/21 19:13:03,769 [INFO] [org.springframework.boot.web.embedded.tomcat.TomcatWebServer] [main]- Tomcat started on port(s): 8080 (http) with context path ''
2021/08/21 19:13:03,781 [INFO] [org.springframework.boot.StartupInfoLogger] [main]- Started RestApplication in 3.35 seconds (JVM running for 4.74)
2021/08/21 19:13:03,783 [INFO] [com.example.RestApplication] [main]- ---원본 args---
2021/08/21 19:13:03,783 [INFO] [com.example.RestApplication] [main]- --spring.output.ansi.enabled=always
2021/08/21 19:13:03,783 [INFO] [com.example.RestApplication] [main]- ---옵션아닌 args---
2021/08/21 19:13:03,783 [INFO] [com.example.RestApplication] [main]- ---옵션 args---
2021/08/21 19:13:03,784 [INFO] [com.example.RestApplication] [main]- spring.output.ansi.enabled : always
2021/08/21 19:13:18,407 [INFO] [org.apache.juli.logging.DirectJDKLog] [http-nio-8080-exec-2]- Initializing Spring DispatcherServlet 'dispatcherServlet'
2021/08/21 19:13:18,407 [INFO] [org.springframework.web.servlet.FrameworkServlet] [http-nio-8080-exec-2]- Initializing Servlet 'dispatcherServlet'
2021/08/21 19:13:18,409 [INFO] [org.springframework.web.servlet.FrameworkServlet] [http-nio-8080-exec-2]- Completed initialization in 1 ms
2021/08/21 19:13:38,659 [INFO] [com.example.controller.PostController] [http-nio-8080-exec-4]- header : {content-type=application/json, user-agent=PostmanRuntime/7.28.3, accept=*/*, cache-control=no-cache, postman-token=a4757f96-2bf8-4d73-b6a0-5a23663edfde, host=localhost:8080, accept-encoding=gzip, deflate, br, connection=keep-alive, content-length=25}
2021/08/21 19:13:38,660 [INFO] [com.example.controller.PostController] [http-nio-8080-exec-4]- body : {id=test001}
2021/08/21 19:13:38,711 [INFO] [net.sf.log4jdbc.log.slf4j.Slf4jSpyLogDelegator] [http-nio-8080-exec-4]- SELECT 1
 {executed in 1 msec}
2021/08/21 19:13:38,725 [INFO] [net.sf.log4jdbc.log.slf4j.Slf4jSpyLogDelegator] [http-nio-8080-exec-4]- SELECT num
             , id
             , pwd
          FROM user

         WHERE num = 1
 {executed in 1 msec}
2021/08/21 19:13:38,744 [INFO] [net.sf.log4jdbc.log.slf4j.Slf4jSpyLogDelegator] [http-nio-8080-exec-4]- 
|----|--------|--------|
|num |id      |pwd     |
|----|--------|--------|
|1   |test001 |001!@#$ |
|----|--------|--------|

2021/08/21 19:13:38,746 [INFO] [com.example.service.PostService] [http-nio-8080-exec-4]- num: 1, id: test001, pwd: 001!@#$
2021/08/21 19:13:38,747 [INFO] [com.example.service.PostService] [http-nio-8080-exec-4]- result : [{num : 1, id : test001, pwd : 001!@#$}]
2021/08/21 19:13:47,723 [INFO] [com.example.controller.PostController] [http-nio-8080-exec-5]- header : {content-type=application/json, user-agent=PostmanRuntime/7.28.3, accept=*/*, cache-control=no-cache, postman-token=3677b68e-6f89-4c63-9ebd-ca4e657f43ee, host=localhost:8080, accept-encoding=gzip, deflate, br, connection=keep-alive, content-length=25}
2021/08/21 19:13:47,724 [INFO] [com.example.controller.PostController] [http-nio-8080-exec-5]- body : {id=test001}
2021/08/21 19:13:47,725 [INFO] [net.sf.log4jdbc.log.slf4j.Slf4jSpyLogDelegator] [http-nio-8080-exec-5]- SELECT 1
 {executed in 0 msec}
2021/08/21 19:13:47,727 [INFO] [net.sf.log4jdbc.log.slf4j.Slf4jSpyLogDelegator] [http-nio-8080-exec-5]- SELECT num
             , id
             , pwd
          FROM user

         WHERE num = 2
 {executed in 0 msec}
2021/08/21 19:13:47,728 [INFO] [net.sf.log4jdbc.log.slf4j.Slf4jSpyLogDelegator] [http-nio-8080-exec-5]- 
|----|--------|--------|
|num |id      |pwd     |
|----|--------|--------|
|2   |test002 |002!@#$ |
|----|--------|--------|

2021/08/21 19:13:47,729 [INFO] [com.example.service.PostService] [http-nio-8080-exec-5]- num: 2, id: test002, pwd: 002!@#$
2021/08/21 19:13:47,730 [INFO] [com.example.service.PostService] [http-nio-8080-exec-5]- result : [{num : 2, id : test002, pwd : 002!@#$}]
2021/08/21 19:14:14,067 [INFO] [com.example.controller.PostController] [http-nio-8080-exec-8]- header : {content-type=application/json, user-agent=PostmanRuntime/7.28.3, accept=*/*, cache-control=no-cache, postman-token=e864c5ae-2293-4045-b2ef-2393b6a21892, host=localhost:8080, accept-encoding=gzip, deflate, br, connection=keep-alive, content-length=25}
2021/08/21 19:14:14,071 [INFO] [com.example.controller.PostController] [http-nio-8080-exec-8]- body : {id=test001}
2021/08/21 19:14:14,073 [INFO] [net.sf.log4jdbc.log.slf4j.Slf4jSpyLogDelegator] [http-nio-8080-exec-8]- SELECT 1
 {executed in 0 msec}
2021/08/21 19:14:14,075 [INFO] [net.sf.log4jdbc.log.slf4j.Slf4jSpyLogDelegator] [http-nio-8080-exec-8]- SELECT num
             , id
             , pwd
          FROM user

         WHERE num = 100
 {executed in 0 msec}
2021/08/21 19:14:14,076 [INFO] [net.sf.log4jdbc.log.slf4j.Slf4jSpyLogDelegator] [http-nio-8080-exec-8]- 
|----|---|----|
|num |id |pwd |
|----|---|----|
|----|---|----|

2021/08/21 19:14:14,077 [INFO] [com.example.service.PostService] [http-nio-8080-exec-8]- result : []
2021/08/21 19:14:18,782 [INFO] [org.springframework.boot.admin.SpringApplicationAdminMXBeanRegistrar$SpringApplicationAdmin] [RMI TCP Connection(11)-127.0.0.1]- Application shutdown requested.
2021/08/21 19:14:18,990 [INFO] [com.zaxxer.hikari.HikariDataSource] [RMI TCP Connection(11)-127.0.0.1]- HikariPool-1 - Shutdown initiated...
2021/08/21 19:14:18,992 [INFO] [com.zaxxer.hikari.HikariDataSource] [RMI TCP Connection(11)-127.0.0.1]- HikariPool-1 - Shutdown completed.
2021/08/21 19:14:52,354 [INFO] [org.springframework.boot.StartupInfoLogger] [main]- Starting RestApplication using Java 1.8.0_282 on 조주현-LAPTOP with PID 14332 (D:\study\srv_rest\workspace\rest\target\classes started by choju in D:\study\srv_rest\workspace\rest)
2021/08/21 19:14:52,362 [INFO] [org.springframework.boot.SpringApplication] [main]- No active profile set, falling back to default profiles: default
2021/08/21 19:14:53,627 [INFO] [org.springframework.boot.web.embedded.tomcat.TomcatWebServer] [main]- Tomcat initialized with port(s): 8080 (http)
2021/08/21 19:14:53,639 [INFO] [org.apache.juli.logging.DirectJDKLog] [main]- Initializing ProtocolHandler ["http-nio-8080"]
2021/08/21 19:14:53,640 [INFO] [org.apache.juli.logging.DirectJDKLog] [main]- Starting service [Tomcat]
2021/08/21 19:14:53,641 [INFO] [org.apache.juli.logging.DirectJDKLog] [main]- Starting Servlet engine: [Apache Tomcat/9.0.50]
2021/08/21 19:14:53,775 [INFO] [org.apache.juli.logging.DirectJDKLog] [main]- Initializing Spring embedded WebApplicationContext
2021/08/21 19:14:53,775 [INFO] [org.springframework.boot.web.servlet.context.ServletWebServerApplicationContext] [main]- Root WebApplicationContext: initialization completed in 1369 ms
2021/08/21 19:14:53,817 [INFO] [com.zaxxer.hikari.HikariDataSource] [main]- HikariPool-1 - Starting...
2021/08/21 19:14:54,041 [INFO] [com.zaxxer.hikari.pool.PoolBase] [main]- HikariPool-1 - Driver does not support get/set network timeout for connections. (net.sf.log4jdbc.sql.jdbcapi.ConnectionSpy.getNetworkTimeout()I)
2021/08/21 19:14:54,070 [INFO] [net.sf.log4jdbc.log.slf4j.Slf4jSpyLogDelegator] [main]- SELECT 1
 {executed in 12 msec}
2021/08/21 19:14:54,072 [INFO] [com.zaxxer.hikari.HikariDataSource] [main]- HikariPool-1 - Start completed.
2021/08/21 19:14:54,081 [INFO] [org.springframework.boot.autoconfigure.h2.H2ConsoleAutoConfiguration] [main]- H2 console available at '/h2-console'. Database available at 'jdbc:h2:file:./rest.db'
2021/08/21 19:14:54,766 [INFO] [net.sf.log4jdbc.log.slf4j.Slf4jSpyLogDelegator] [main]- SELECT 1
 {executed in 9 msec}
2021/08/21 19:14:54,772 [INFO] [net.sf.log4jdbc.log.slf4j.Slf4jSpyLogDelegator] [main]- DROP TABLE IF EXISTS user
 {executed in 3 msec}
2021/08/21 19:14:54,777 [INFO] [net.sf.log4jdbc.log.slf4j.Slf4jSpyLogDelegator] [main]- CREATE TABLE IF NOT EXISTS user ( num bigint auto_increment , id varchar( 24 ) NOT NULL , pwd varchar( 24 ) NOT NULL , primary key( num ) )
 {executed in 5 msec}
2021/08/21 19:14:54,780 [INFO] [net.sf.log4jdbc.log.slf4j.Slf4jSpyLogDelegator] [main]- INSERT INTO user( id, pwd ) VALUES( 'test001', '001!@#$' )
 {executed in 1 msec}
2021/08/21 19:14:54,781 [INFO] [net.sf.log4jdbc.log.slf4j.Slf4jSpyLogDelegator] [main]- INSERT INTO user( id, pwd ) VALUES( 'test002', '002!@#$' )
 {executed in 1 msec}
2021/08/21 19:14:54,781 [INFO] [net.sf.log4jdbc.log.slf4j.Slf4jSpyLogDelegator] [main]- INSERT INTO user( id, pwd ) VALUES( 'test003', '003!@#$' )
 {executed in 0 msec}
2021/08/21 19:14:54,782 [INFO] [net.sf.log4jdbc.log.slf4j.Slf4jSpyLogDelegator] [main]- INSERT INTO user( id, pwd ) VALUES( 'test004', '004!@#$' )
 {executed in 0 msec}
2021/08/21 19:14:54,782 [INFO] [net.sf.log4jdbc.log.slf4j.Slf4jSpyLogDelegator] [main]- INSERT INTO user( id, pwd ) VALUES( 'test005', '005!@#$' )
 {executed in 0 msec}
2021/08/21 19:14:54,783 [INFO] [net.sf.log4jdbc.log.slf4j.Slf4jSpyLogDelegator] [main]- INSERT INTO user( id, pwd ) VALUES( 'test006', '006!@#$' )
 {executed in 0 msec}
2021/08/21 19:14:54,784 [INFO] [net.sf.log4jdbc.log.slf4j.Slf4jSpyLogDelegator] [main]- INSERT INTO user( id, pwd ) VALUES( 'test007', '007!@#$' )
 {executed in 1 msec}
2021/08/21 19:14:54,785 [INFO] [net.sf.log4jdbc.log.slf4j.Slf4jSpyLogDelegator] [main]- INSERT INTO user( id, pwd ) VALUES( 'test008', '008!@#$' )
 {executed in 1 msec}
2021/08/21 19:14:54,785 [INFO] [net.sf.log4jdbc.log.slf4j.Slf4jSpyLogDelegator] [main]- INSERT INTO user( id, pwd ) VALUES( 'test009', '009!@#$' )
 {executed in 0 msec}
2021/08/21 19:14:54,786 [INFO] [net.sf.log4jdbc.log.slf4j.Slf4jSpyLogDelegator] [main]- INSERT INTO user( id, pwd ) VALUES( 'test010', '010!@#$' )
 {executed in 1 msec}
2021/08/21 19:14:54,837 [INFO] [org.apache.juli.logging.DirectJDKLog] [main]- Starting ProtocolHandler ["http-nio-8080"]
2021/08/21 19:14:54,857 [INFO] [org.springframework.boot.web.embedded.tomcat.TomcatWebServer] [main]- Tomcat started on port(s): 8080 (http) with context path ''
2021/08/21 19:14:54,868 [INFO] [org.springframework.boot.StartupInfoLogger] [main]- Started RestApplication in 3.184 seconds (JVM running for 4.65)
2021/08/21 19:14:54,870 [INFO] [com.example.RestApplication] [main]- ---원본 args---
2021/08/21 19:14:54,870 [INFO] [com.example.RestApplication] [main]- --spring.output.ansi.enabled=always
2021/08/21 19:14:54,870 [INFO] [com.example.RestApplication] [main]- ---옵션아닌 args---
2021/08/21 19:14:54,870 [INFO] [com.example.RestApplication] [main]- ---옵션 args---
2021/08/21 19:14:54,871 [INFO] [com.example.RestApplication] [main]- spring.output.ansi.enabled : always
2021/08/21 19:15:04,857 [INFO] [org.apache.juli.logging.DirectJDKLog] [http-nio-8080-exec-1]- Initializing Spring DispatcherServlet 'dispatcherServlet'
2021/08/21 19:15:04,858 [INFO] [org.springframework.web.servlet.FrameworkServlet] [http-nio-8080-exec-1]- Initializing Servlet 'dispatcherServlet'
2021/08/21 19:15:04,860 [INFO] [org.springframework.web.servlet.FrameworkServlet] [http-nio-8080-exec-1]- Completed initialization in 2 ms
2021/08/21 19:15:04,926 [WARN] [org.springframework.web.servlet.handler.AbstractHandlerExceptionResolver] [http-nio-8080-exec-1]- Resolved [org.springframework.web.method.annotation.MethodArgumentTypeMismatchException: Failed to convert value of type 'java.lang.String' to required type 'java.lang.Integer'; nested exception is java.lang.NumberFormatException: For input string: "null"]
2021/08/21 19:15:24,559 [INFO] [com.example.controller.PostController] [http-nio-8080-exec-4]- header : {content-type=application/json, user-agent=PostmanRuntime/7.28.3, accept=*/*, cache-control=no-cache, postman-token=b5f718e9-ab22-48f7-8300-1eb39da11e2f, host=localhost:8080, accept-encoding=gzip, deflate, br, connection=keep-alive, content-length=25}
2021/08/21 19:15:24,559 [INFO] [com.example.controller.PostController] [http-nio-8080-exec-4]- body : {id=test001}
2021/08/21 19:15:24,615 [INFO] [net.sf.log4jdbc.log.slf4j.Slf4jSpyLogDelegator] [http-nio-8080-exec-4]- SELECT 1
 {executed in 0 msec}
2021/08/21 19:15:24,630 [INFO] [net.sf.log4jdbc.log.slf4j.Slf4jSpyLogDelegator] [http-nio-8080-exec-4]- SELECT num
             , id
             , pwd
          FROM user

         WHERE num = 0
 {executed in 1 msec}
2021/08/21 19:15:24,648 [INFO] [net.sf.log4jdbc.log.slf4j.Slf4jSpyLogDelegator] [http-nio-8080-exec-4]- 
|----|---|----|
|num |id |pwd |
|----|---|----|
|----|---|----|

2021/08/21 19:15:24,650 [INFO] [com.example.service.PostService] [http-nio-8080-exec-4]- result : []
2021/08/21 19:15:51,746 [INFO] [com.example.controller.PostController] [http-nio-8080-exec-7]- header : {content-type=application/json, user-agent=PostmanRuntime/7.28.3, accept=*/*, cache-control=no-cache, postman-token=0eef8599-ab89-4582-8b5c-b0797d201316, host=localhost:8080, accept-encoding=gzip, deflate, br, connection=keep-alive, content-length=25}
2021/08/21 19:15:51,748 [INFO] [com.example.controller.PostController] [http-nio-8080-exec-7]- body : {id=test001}
2021/08/21 19:15:51,751 [INFO] [net.sf.log4jdbc.log.slf4j.Slf4jSpyLogDelegator] [http-nio-8080-exec-7]- SELECT 1
 {executed in 1 msec}
2021/08/21 19:15:51,753 [INFO] [net.sf.log4jdbc.log.slf4j.Slf4jSpyLogDelegator] [http-nio-8080-exec-7]- SELECT num
             , id
             , pwd
          FROM user

         WHERE num = 1
 {executed in 0 msec}
2021/08/21 19:15:51,758 [INFO] [net.sf.log4jdbc.log.slf4j.Slf4jSpyLogDelegator] [http-nio-8080-exec-7]- 
|----|--------|--------|
|num |id      |pwd     |
|----|--------|--------|
|1   |test001 |001!@#$ |
|----|--------|--------|

2021/08/21 19:15:51,759 [INFO] [com.example.service.PostService] [http-nio-8080-exec-7]- num: 1, id: test001, pwd: 001!@#$
2021/08/21 19:15:51,760 [INFO] [com.example.service.PostService] [http-nio-8080-exec-7]- result : [{num : 1, id : test001, pwd : 001!@#$}]
2021/08/21 19:17:39,534 [INFO] [org.springframework.boot.admin.SpringApplicationAdminMXBeanRegistrar$SpringApplicationAdmin] [RMI TCP Connection(12)-127.0.0.1]- Application shutdown requested.
2021/08/21 19:17:39,727 [INFO] [com.zaxxer.hikari.HikariDataSource] [RMI TCP Connection(12)-127.0.0.1]- HikariPool-1 - Shutdown initiated...
2021/08/21 19:17:39,731 [INFO] [com.zaxxer.hikari.HikariDataSource] [RMI TCP Connection(12)-127.0.0.1]- HikariPool-1 - Shutdown completed.
2021/08/21 19:18:36,370 [INFO] [org.springframework.boot.StartupInfoLogger] [main]- Starting RestApplication using Java 1.8.0_282 on 조주현-LAPTOP with PID 11396 (D:\study\srv_rest\workspace\rest\target\classes started by choju in D:\study\srv_rest\workspace\rest)
2021/08/21 19:18:36,380 [INFO] [org.springframework.boot.SpringApplication] [main]- No active profile set, falling back to default profiles: default
2021/08/21 19:18:37,594 [INFO] [org.springframework.boot.web.embedded.tomcat.TomcatWebServer] [main]- Tomcat initialized with port(s): 8080 (http)
2021/08/21 19:18:37,605 [INFO] [org.apache.juli.logging.DirectJDKLog] [main]- Initializing ProtocolHandler ["http-nio-8080"]
2021/08/21 19:18:37,606 [INFO] [org.apache.juli.logging.DirectJDKLog] [main]- Starting service [Tomcat]
2021/08/21 19:18:37,606 [INFO] [org.apache.juli.logging.DirectJDKLog] [main]- Starting Servlet engine: [Apache Tomcat/9.0.50]
2021/08/21 19:18:37,763 [INFO] [org.apache.juli.logging.DirectJDKLog] [main]- Initializing Spring embedded WebApplicationContext
2021/08/21 19:18:37,764 [INFO] [org.springframework.boot.web.servlet.context.ServletWebServerApplicationContext] [main]- Root WebApplicationContext: initialization completed in 1328 ms
2021/08/21 19:18:37,807 [INFO] [com.zaxxer.hikari.HikariDataSource] [main]- HikariPool-1 - Starting...
2021/08/21 19:18:38,023 [INFO] [com.zaxxer.hikari.pool.PoolBase] [main]- HikariPool-1 - Driver does not support get/set network timeout for connections. (net.sf.log4jdbc.sql.jdbcapi.ConnectionSpy.getNetworkTimeout()I)
2021/08/21 19:18:38,052 [INFO] [net.sf.log4jdbc.log.slf4j.Slf4jSpyLogDelegator] [main]- SELECT 1
 {executed in 12 msec}
2021/08/21 19:18:38,055 [INFO] [com.zaxxer.hikari.HikariDataSource] [main]- HikariPool-1 - Start completed.
2021/08/21 19:18:38,064 [INFO] [org.springframework.boot.autoconfigure.h2.H2ConsoleAutoConfiguration] [main]- H2 console available at '/h2-console'. Database available at 'jdbc:h2:file:./rest.db'
2021/08/21 19:18:38,850 [INFO] [net.sf.log4jdbc.log.slf4j.Slf4jSpyLogDelegator] [main]- SELECT 1
 {executed in 11 msec}
2021/08/21 19:18:38,856 [INFO] [net.sf.log4jdbc.log.slf4j.Slf4jSpyLogDelegator] [main]- DROP TABLE IF EXISTS user
 {executed in 4 msec}
2021/08/21 19:18:38,861 [INFO] [net.sf.log4jdbc.log.slf4j.Slf4jSpyLogDelegator] [main]- CREATE TABLE IF NOT EXISTS user ( num bigint auto_increment , id varchar( 24 ) NOT NULL , pwd varchar( 24 ) NOT NULL , primary key( num ) )
 {executed in 5 msec}
2021/08/21 19:18:38,864 [INFO] [net.sf.log4jdbc.log.slf4j.Slf4jSpyLogDelegator] [main]- INSERT INTO user( id, pwd ) VALUES( 'test001', '001!@#$' )
 {executed in 2 msec}
2021/08/21 19:18:38,865 [INFO] [net.sf.log4jdbc.log.slf4j.Slf4jSpyLogDelegator] [main]- INSERT INTO user( id, pwd ) VALUES( 'test002', '002!@#$' )
 {executed in 0 msec}
2021/08/21 19:18:38,866 [INFO] [net.sf.log4jdbc.log.slf4j.Slf4jSpyLogDelegator] [main]- INSERT INTO user( id, pwd ) VALUES( 'test003', '003!@#$' )
 {executed in 0 msec}
2021/08/21 19:18:38,866 [INFO] [net.sf.log4jdbc.log.slf4j.Slf4jSpyLogDelegator] [main]- INSERT INTO user( id, pwd ) VALUES( 'test004', '004!@#$' )
 {executed in 0 msec}
2021/08/21 19:18:38,867 [INFO] [net.sf.log4jdbc.log.slf4j.Slf4jSpyLogDelegator] [main]- INSERT INTO user( id, pwd ) VALUES( 'test005', '005!@#$' )
 {executed in 1 msec}
2021/08/21 19:18:38,868 [INFO] [net.sf.log4jdbc.log.slf4j.Slf4jSpyLogDelegator] [main]- INSERT INTO user( id, pwd ) VALUES( 'test006', '006!@#$' )
 {executed in 0 msec}
2021/08/21 19:18:38,868 [INFO] [net.sf.log4jdbc.log.slf4j.Slf4jSpyLogDelegator] [main]- INSERT INTO user( id, pwd ) VALUES( 'test007', '007!@#$' )
 {executed in 0 msec}
2021/08/21 19:18:38,869 [INFO] [net.sf.log4jdbc.log.slf4j.Slf4jSpyLogDelegator] [main]- INSERT INTO user( id, pwd ) VALUES( 'test008', '008!@#$' )
 {executed in 0 msec}
2021/08/21 19:18:38,869 [INFO] [net.sf.log4jdbc.log.slf4j.Slf4jSpyLogDelegator] [main]- INSERT INTO user( id, pwd ) VALUES( 'test009', '009!@#$' )
 {executed in 0 msec}
2021/08/21 19:18:38,870 [INFO] [net.sf.log4jdbc.log.slf4j.Slf4jSpyLogDelegator] [main]- INSERT INTO user( id, pwd ) VALUES( 'test010', '010!@#$' )
 {executed in 1 msec}
2021/08/21 19:18:38,922 [INFO] [org.apache.juli.logging.DirectJDKLog] [main]- Starting ProtocolHandler ["http-nio-8080"]
2021/08/21 19:18:38,942 [INFO] [org.springframework.boot.web.embedded.tomcat.TomcatWebServer] [main]- Tomcat started on port(s): 8080 (http) with context path ''
2021/08/21 19:18:38,953 [INFO] [org.springframework.boot.StartupInfoLogger] [main]- Started RestApplication in 3.239 seconds (JVM running for 4.744)
2021/08/21 19:18:38,955 [INFO] [com.example.RestApplication] [main]- ---원본 args---
2021/08/21 19:18:38,955 [INFO] [com.example.RestApplication] [main]- --spring.output.ansi.enabled=always
2021/08/21 19:18:38,955 [INFO] [com.example.RestApplication] [main]- ---옵션아닌 args---
2021/08/21 19:18:38,956 [INFO] [com.example.RestApplication] [main]- ---옵션 args---
2021/08/21 19:18:38,956 [INFO] [com.example.RestApplication] [main]- spring.output.ansi.enabled : always
2021/08/21 19:18:51,487 [INFO] [org.apache.juli.logging.DirectJDKLog] [http-nio-8080-exec-1]- Initializing Spring DispatcherServlet 'dispatcherServlet'
2021/08/21 19:18:51,487 [INFO] [org.springframework.web.servlet.FrameworkServlet] [http-nio-8080-exec-1]- Initializing Servlet 'dispatcherServlet'
2021/08/21 19:18:51,489 [INFO] [org.springframework.web.servlet.FrameworkServlet] [http-nio-8080-exec-1]- Completed initialization in 2 ms
2021/08/21 19:18:51,648 [INFO] [com.example.controller.PostController] [http-nio-8080-exec-1]- header : {content-type=application/json, user-agent=PostmanRuntime/7.28.3, accept=*/*, cache-control=no-cache, postman-token=a313902a-5f4b-4ec0-a709-50cfe74393f2, host=localhost:8080, accept-encoding=gzip, deflate, br, connection=keep-alive, content-length=25}
2021/08/21 19:18:51,649 [INFO] [com.example.controller.PostController] [http-nio-8080-exec-1]- body : {id=test001}
2021/08/21 19:18:51,729 [INFO] [net.sf.log4jdbc.log.slf4j.Slf4jSpyLogDelegator] [http-nio-8080-exec-1]- SELECT 1
 {executed in 0 msec}
2021/08/21 19:18:51,743 [INFO] [net.sf.log4jdbc.log.slf4j.Slf4jSpyLogDelegator] [http-nio-8080-exec-1]- SELECT num
             , id
             , pwd
          FROM user

         WHERE num = 1
 {executed in 0 msec}
2021/08/21 19:18:51,776 [INFO] [net.sf.log4jdbc.log.slf4j.Slf4jSpyLogDelegator] [http-nio-8080-exec-1]- 
|----|--------|--------|
|num |id      |pwd     |
|----|--------|--------|
|1   |test001 |001!@#$ |
|----|--------|--------|

2021/08/21 19:18:51,779 [INFO] [com.example.service.PostService] [http-nio-8080-exec-1]- num: 1, id: test001, pwd: 001!@#$
2021/08/21 19:18:51,780 [INFO] [com.example.service.PostService] [http-nio-8080-exec-1]- result : [{num : 1, id : test001, pwd : 001!@#$}]
2021/08/21 19:19:04,924 [INFO] [com.example.controller.PostController] [http-nio-8080-exec-3]- header : {content-type=application/json, user-agent=PostmanRuntime/7.28.3, accept=*/*, cache-control=no-cache, postman-token=0d03428d-e728-48d5-9cc1-de6180929645, host=localhost:8080, accept-encoding=gzip, deflate, br, connection=keep-alive, content-length=25}
2021/08/21 19:19:04,924 [INFO] [com.example.controller.PostController] [http-nio-8080-exec-3]- body : {id=test001}
2021/08/21 19:19:04,927 [INFO] [net.sf.log4jdbc.log.slf4j.Slf4jSpyLogDelegator] [http-nio-8080-exec-3]- SELECT 1
 {executed in 1 msec}
2021/08/21 19:19:04,929 [INFO] [net.sf.log4jdbc.log.slf4j.Slf4jSpyLogDelegator] [http-nio-8080-exec-3]- SELECT num
             , id
             , pwd
          FROM user
 {executed in 0 msec}
2021/08/21 19:19:04,935 [INFO] [net.sf.log4jdbc.log.slf4j.Slf4jSpyLogDelegator] [http-nio-8080-exec-3]- 
|----|--------|--------|
|num |id      |pwd     |
|----|--------|--------|
|1   |test001 |001!@#$ |
|2   |test002 |002!@#$ |
|3   |test003 |003!@#$ |
|4   |test004 |004!@#$ |
|5   |test005 |005!@#$ |
|6   |test006 |006!@#$ |
|7   |test007 |007!@#$ |
|8   |test008 |008!@#$ |
|9   |test009 |009!@#$ |
|10  |test010 |010!@#$ |
|----|--------|--------|

2021/08/21 19:19:04,936 [INFO] [com.example.service.PostService] [http-nio-8080-exec-3]- num: 1, id: test001, pwd: 001!@#$
2021/08/21 19:19:04,937 [INFO] [com.example.service.PostService] [http-nio-8080-exec-3]- num: 2, id: test002, pwd: 002!@#$
2021/08/21 19:19:04,937 [INFO] [com.example.service.PostService] [http-nio-8080-exec-3]- num: 3, id: test003, pwd: 003!@#$
2021/08/21 19:19:04,938 [INFO] [com.example.service.PostService] [http-nio-8080-exec-3]- num: 4, id: test004, pwd: 004!@#$
2021/08/21 19:19:04,938 [INFO] [com.example.service.PostService] [http-nio-8080-exec-3]- num: 5, id: test005, pwd: 005!@#$
2021/08/21 19:19:04,939 [INFO] [com.example.service.PostService] [http-nio-8080-exec-3]- num: 6, id: test006, pwd: 006!@#$
2021/08/21 19:19:04,940 [INFO] [com.example.service.PostService] [http-nio-8080-exec-3]- num: 7, id: test007, pwd: 007!@#$
2021/08/21 19:19:04,940 [INFO] [com.example.service.PostService] [http-nio-8080-exec-3]- num: 8, id: test008, pwd: 008!@#$
2021/08/21 19:19:04,941 [INFO] [com.example.service.PostService] [http-nio-8080-exec-3]- num: 9, id: test009, pwd: 009!@#$
2021/08/21 19:19:04,941 [INFO] [com.example.service.PostService] [http-nio-8080-exec-3]- num: 10, id: test010, pwd: 010!@#$
2021/08/21 19:19:04,941 [INFO] [com.example.service.PostService] [http-nio-8080-exec-3]- result : [{num : 1, id : test001, pwd : 001!@#$},{num : 2, id : test002, pwd : 002!@#$},{num : 3, id : test003, pwd : 003!@#$},{num : 4, id : test004, pwd : 004!@#$},{num : 5, id : test005, pwd : 005!@#$},{num : 6, id : test006, pwd : 006!@#$},{num : 7, id : test007, pwd : 007!@#$},{num : 8, id : test008, pwd : 008!@#$},{num : 9, id : test009, pwd : 009!@#$},{num : 10, id : test010, pwd : 010!@#$}]
2021/08/21 19:23:57,004 [INFO] [org.springframework.boot.admin.SpringApplicationAdminMXBeanRegistrar$SpringApplicationAdmin] [RMI TCP Connection(14)-127.0.0.1]- Application shutdown requested.
2021/08/21 19:23:57,218 [INFO] [com.zaxxer.hikari.HikariDataSource] [RMI TCP Connection(14)-127.0.0.1]- HikariPool-1 - Shutdown initiated...
2021/08/21 19:23:57,222 [INFO] [com.zaxxer.hikari.HikariDataSource] [RMI TCP Connection(14)-127.0.0.1]- HikariPool-1 - Shutdown completed.
2021/08/21 19:24:09,939 [INFO] [org.springframework.boot.StartupInfoLogger] [main]- Starting RestApplication using Java 1.8.0_282 on 조주현-LAPTOP with PID 6268 (D:\study\srv_rest\workspace\rest\target\classes started by choju in D:\study\srv_rest\workspace\rest)
2021/08/21 19:24:09,949 [INFO] [org.springframework.boot.SpringApplication] [main]- No active profile set, falling back to default profiles: default
2021/08/21 19:24:11,192 [INFO] [org.springframework.boot.web.embedded.tomcat.TomcatWebServer] [main]- Tomcat initialized with port(s): 8080 (http)
2021/08/21 19:24:11,203 [INFO] [org.apache.juli.logging.DirectJDKLog] [main]- Initializing ProtocolHandler ["http-nio-8080"]
2021/08/21 19:24:11,204 [INFO] [org.apache.juli.logging.DirectJDKLog] [main]- Starting service [Tomcat]
2021/08/21 19:24:11,205 [INFO] [org.apache.juli.logging.DirectJDKLog] [main]- Starting Servlet engine: [Apache Tomcat/9.0.50]
2021/08/21 19:24:11,341 [INFO] [org.apache.juli.logging.DirectJDKLog] [main]- Initializing Spring embedded WebApplicationContext
2021/08/21 19:24:11,342 [INFO] [org.springframework.boot.web.servlet.context.ServletWebServerApplicationContext] [main]- Root WebApplicationContext: initialization completed in 1346 ms
2021/08/21 19:24:11,393 [INFO] [com.zaxxer.hikari.HikariDataSource] [main]- HikariPool-1 - Starting...
2021/08/21 19:24:11,626 [INFO] [com.zaxxer.hikari.pool.PoolBase] [main]- HikariPool-1 - Driver does not support get/set network timeout for connections. (net.sf.log4jdbc.sql.jdbcapi.ConnectionSpy.getNetworkTimeout()I)
2021/08/21 19:24:11,669 [INFO] [net.sf.log4jdbc.log.slf4j.Slf4jSpyLogDelegator] [main]- SELECT 1
 {executed in 12 msec}
2021/08/21 19:24:11,672 [INFO] [com.zaxxer.hikari.HikariDataSource] [main]- HikariPool-1 - Start completed.
2021/08/21 19:24:11,681 [INFO] [org.springframework.boot.autoconfigure.h2.H2ConsoleAutoConfiguration] [main]- H2 console available at '/h2-console'. Database available at 'jdbc:h2:file:./rest.db'
2021/08/21 19:24:12,533 [INFO] [net.sf.log4jdbc.log.slf4j.Slf4jSpyLogDelegator] [main]- SELECT 1
 {executed in 9 msec}
2021/08/21 19:24:12,540 [INFO] [net.sf.log4jdbc.log.slf4j.Slf4jSpyLogDelegator] [main]- DROP TABLE IF EXISTS user
 {executed in 4 msec}
2021/08/21 19:24:12,545 [INFO] [net.sf.log4jdbc.log.slf4j.Slf4jSpyLogDelegator] [main]- CREATE TABLE IF NOT EXISTS user ( num bigint auto_increment , id varchar( 24 ) NOT NULL , pwd varchar( 24 ) NOT NULL , primary key( num ) )
 {executed in 5 msec}
2021/08/21 19:24:12,549 [INFO] [net.sf.log4jdbc.log.slf4j.Slf4jSpyLogDelegator] [main]- INSERT INTO user( id, pwd ) VALUES( 'test001', '001!@#$' )
 {executed in 1 msec}
2021/08/21 19:24:12,549 [INFO] [net.sf.log4jdbc.log.slf4j.Slf4jSpyLogDelegator] [main]- INSERT INTO user( id, pwd ) VALUES( 'test002', '002!@#$' )
 {executed in 0 msec}
2021/08/21 19:24:12,550 [INFO] [net.sf.log4jdbc.log.slf4j.Slf4jSpyLogDelegator] [main]- INSERT INTO user( id, pwd ) VALUES( 'test003', '003!@#$' )
 {executed in 1 msec}
2021/08/21 19:24:12,550 [INFO] [net.sf.log4jdbc.log.slf4j.Slf4jSpyLogDelegator] [main]- INSERT INTO user( id, pwd ) VALUES( 'test004', '004!@#$' )
 {executed in 0 msec}
2021/08/21 19:24:12,551 [INFO] [net.sf.log4jdbc.log.slf4j.Slf4jSpyLogDelegator] [main]- INSERT INTO user( id, pwd ) VALUES( 'test005', '005!@#$' )
 {executed in 0 msec}
2021/08/21 19:24:12,552 [INFO] [net.sf.log4jdbc.log.slf4j.Slf4jSpyLogDelegator] [main]- INSERT INTO user( id, pwd ) VALUES( 'test006', '006!@#$' )
 {executed in 1 msec}
2021/08/21 19:24:12,553 [INFO] [net.sf.log4jdbc.log.slf4j.Slf4jSpyLogDelegator] [main]- INSERT INTO user( id, pwd ) VALUES( 'test007', '007!@#$' )
 {executed in 0 msec}
2021/08/21 19:24:12,553 [INFO] [net.sf.log4jdbc.log.slf4j.Slf4jSpyLogDelegator] [main]- INSERT INTO user( id, pwd ) VALUES( 'test008', '008!@#$' )
 {executed in 0 msec}
2021/08/21 19:24:12,554 [INFO] [net.sf.log4jdbc.log.slf4j.Slf4jSpyLogDelegator] [main]- INSERT INTO user( id, pwd ) VALUES( 'test009', '009!@#$' )
 {executed in 1 msec}
2021/08/21 19:24:12,555 [INFO] [net.sf.log4jdbc.log.slf4j.Slf4jSpyLogDelegator] [main]- INSERT INTO user( id, pwd ) VALUES( 'test010', '010!@#$' )
 {executed in 0 msec}
2021/08/21 19:24:12,611 [INFO] [org.apache.juli.logging.DirectJDKLog] [main]- Starting ProtocolHandler ["http-nio-8080"]
2021/08/21 19:24:12,643 [INFO] [org.springframework.boot.web.embedded.tomcat.TomcatWebServer] [main]- Tomcat started on port(s): 8080 (http) with context path ''
2021/08/21 19:24:12,654 [INFO] [org.springframework.boot.StartupInfoLogger] [main]- Started RestApplication in 3.457 seconds (JVM running for 5.003)
2021/08/21 19:24:12,656 [INFO] [com.example.RestApplication] [main]- ---원본 args---
2021/08/21 19:24:12,656 [INFO] [com.example.RestApplication] [main]- --spring.output.ansi.enabled=always
2021/08/21 19:24:12,657 [INFO] [com.example.RestApplication] [main]- ---옵션아닌 args---
2021/08/21 19:24:12,657 [INFO] [com.example.RestApplication] [main]- ---옵션 args---
2021/08/21 19:24:12,657 [INFO] [com.example.RestApplication] [main]- spring.output.ansi.enabled : always
2021/08/21 19:24:23,591 [INFO] [org.apache.juli.logging.DirectJDKLog] [http-nio-8080-exec-1]- Initializing Spring DispatcherServlet 'dispatcherServlet'
2021/08/21 19:24:23,591 [INFO] [org.springframework.web.servlet.FrameworkServlet] [http-nio-8080-exec-1]- Initializing Servlet 'dispatcherServlet'
2021/08/21 19:24:23,593 [INFO] [org.springframework.web.servlet.FrameworkServlet] [http-nio-8080-exec-1]- Completed initialization in 0 ms
2021/08/21 19:24:23,720 [INFO] [com.example.controller.PostController] [http-nio-8080-exec-1]- header : {content-type=application/json, user-agent=PostmanRuntime/7.28.3, accept=*/*, cache-control=no-cache, postman-token=26de5513-fc88-4dad-b2b2-adb196028cb0, host=localhost:8080, accept-encoding=gzip, deflate, br, connection=keep-alive, content-length=25}
2021/08/21 19:24:23,721 [INFO] [com.example.controller.PostController] [http-nio-8080-exec-1]- body : {id=test001}
2021/08/21 19:24:23,782 [INFO] [net.sf.log4jdbc.log.slf4j.Slf4jSpyLogDelegator] [http-nio-8080-exec-1]- SELECT 1
 {executed in 0 msec}
2021/08/21 19:24:23,800 [INFO] [net.sf.log4jdbc.log.slf4j.Slf4jSpyLogDelegator] [http-nio-8080-exec-1]- SELECT num
             , id
             , pwd
          FROM user
 {executed in 1 msec}
2021/08/21 19:24:23,832 [INFO] [net.sf.log4jdbc.log.slf4j.Slf4jSpyLogDelegator] [http-nio-8080-exec-1]- 
|----|--------|--------|
|num |id      |pwd     |
|----|--------|--------|
|1   |test001 |001!@#$ |
|2   |test002 |002!@#$ |
|3   |test003 |003!@#$ |
|4   |test004 |004!@#$ |
|5   |test005 |005!@#$ |
|6   |test006 |006!@#$ |
|7   |test007 |007!@#$ |
|8   |test008 |008!@#$ |
|9   |test009 |009!@#$ |
|10  |test010 |010!@#$ |
|----|--------|--------|

2021/08/21 19:24:23,835 [INFO] [com.example.service.PostService] [http-nio-8080-exec-1]- num: 1, id: test001, pwd: 001!@#$
2021/08/21 19:24:23,836 [INFO] [com.example.service.PostService] [http-nio-8080-exec-1]- num: 2, id: test002, pwd: 002!@#$
2021/08/21 19:24:23,837 [INFO] [com.example.service.PostService] [http-nio-8080-exec-1]- num: 3, id: test003, pwd: 003!@#$
2021/08/21 19:24:23,837 [INFO] [com.example.service.PostService] [http-nio-8080-exec-1]- num: 4, id: test004, pwd: 004!@#$
2021/08/21 19:24:23,837 [INFO] [com.example.service.PostService] [http-nio-8080-exec-1]- num: 5, id: test005, pwd: 005!@#$
2021/08/21 19:24:23,838 [INFO] [com.example.service.PostService] [http-nio-8080-exec-1]- num: 6, id: test006, pwd: 006!@#$
2021/08/21 19:24:23,838 [INFO] [com.example.service.PostService] [http-nio-8080-exec-1]- num: 7, id: test007, pwd: 007!@#$
2021/08/21 19:24:23,838 [INFO] [com.example.service.PostService] [http-nio-8080-exec-1]- num: 8, id: test008, pwd: 008!@#$
2021/08/21 19:24:23,839 [INFO] [com.example.service.PostService] [http-nio-8080-exec-1]- num: 9, id: test009, pwd: 009!@#$
2021/08/21 19:24:23,839 [INFO] [com.example.service.PostService] [http-nio-8080-exec-1]- num: 10, id: test010, pwd: 010!@#$
2021/08/21 19:24:23,840 [INFO] [com.example.service.PostService] [http-nio-8080-exec-1]- result : [{num : 1, id : test001, pwd : 001!@#$},{num : 2, id : test002, pwd : 002!@#$},{num : 3, id : test003, pwd : 003!@#$},{num : 4, id : test004, pwd : 004!@#$},{num : 5, id : test005, pwd : 005!@#$},{num : 6, id : test006, pwd : 006!@#$},{num : 7, id : test007, pwd : 007!@#$},{num : 8, id : test008, pwd : 008!@#$},{num : 9, id : test009, pwd : 009!@#$},{num : 10, id : test010, pwd : 010!@#$}]
2021/08/21 19:24:35,106 [INFO] [com.example.controller.PostController] [http-nio-8080-exec-3]- header : {content-type=application/json, user-agent=PostmanRuntime/7.28.3, accept=*/*, cache-control=no-cache, postman-token=205bdcfa-d796-4f85-a2ca-ec1a94be1cd6, host=localhost:8080, accept-encoding=gzip, deflate, br, connection=keep-alive, content-length=25}
2021/08/21 19:24:35,106 [INFO] [com.example.controller.PostController] [http-nio-8080-exec-3]- body : {id=test001}
2021/08/21 19:24:35,112 [INFO] [net.sf.log4jdbc.log.slf4j.Slf4jSpyLogDelegator] [http-nio-8080-exec-3]- SELECT 1
 {executed in 1 msec}
2021/08/21 19:24:35,118 [INFO] [net.sf.log4jdbc.log.slf4j.Slf4jSpyLogDelegator] [http-nio-8080-exec-3]- SELECT num
             , id
             , pwd
          FROM user

         WHERE num = 1
 {executed in 1 msec}
2021/08/21 19:24:35,120 [INFO] [net.sf.log4jdbc.log.slf4j.Slf4jSpyLogDelegator] [http-nio-8080-exec-3]- 
|----|--------|--------|
|num |id      |pwd     |
|----|--------|--------|
|1   |test001 |001!@#$ |
|----|--------|--------|

2021/08/21 19:24:35,121 [INFO] [com.example.service.PostService] [http-nio-8080-exec-3]- num: 1, id: test001, pwd: 001!@#$
2021/08/21 19:24:35,122 [INFO] [com.example.service.PostService] [http-nio-8080-exec-3]- result : [{num : 1, id : test001, pwd : 001!@#$}]
2021/08/21 19:26:05,569 [INFO] [com.example.controller.PostController] [http-nio-8080-exec-6]- header : {content-type=application/json, user-agent=PostmanRuntime/7.28.3, accept=*/*, cache-control=no-cache, postman-token=b916facc-05cd-46cb-a54e-9e939379c6ec, host=localhost:8080, accept-encoding=gzip, deflate, br, connection=keep-alive, content-length=6}
2021/08/21 19:26:05,570 [INFO] [com.example.controller.PostController] [http-nio-8080-exec-6]- body : {}
2021/08/21 19:26:05,572 [INFO] [net.sf.log4jdbc.log.slf4j.Slf4jSpyLogDelegator] [http-nio-8080-exec-6]- SELECT 1
 {executed in 1 msec}
2021/08/21 19:26:05,574 [INFO] [net.sf.log4jdbc.log.slf4j.Slf4jSpyLogDelegator] [http-nio-8080-exec-6]- SELECT num
             , id
             , pwd
          FROM user

         WHERE num = 1
 {executed in 1 msec}
2021/08/21 19:26:05,578 [INFO] [net.sf.log4jdbc.log.slf4j.Slf4jSpyLogDelegator] [http-nio-8080-exec-6]- 
|----|--------|--------|
|num |id      |pwd     |
|----|--------|--------|
|1   |test001 |001!@#$ |
|----|--------|--------|

2021/08/21 19:26:05,578 [INFO] [com.example.service.PostService] [http-nio-8080-exec-6]- num: 1, id: test001, pwd: 001!@#$
2021/08/21 19:26:05,579 [INFO] [com.example.service.PostService] [http-nio-8080-exec-6]- result : [{num : 1, id : test001, pwd : 001!@#$}]
2021/08/21 19:26:15,801 [INFO] [com.example.controller.PostController] [http-nio-8080-exec-7]- header : {content-type=application/json, user-agent=PostmanRuntime/7.28.3, accept=*/*, cache-control=no-cache, postman-token=6168e789-e9ae-46c2-a98f-1b66599c9f60, host=localhost:8080, accept-encoding=gzip, deflate, br, connection=keep-alive, content-length=61}
2021/08/21 19:26:15,801 [INFO] [com.example.controller.PostController] [http-nio-8080-exec-7]- body : {num=1, id=test001, pwd=001!@#$}
2021/08/21 19:26:15,801 [INFO] [com.example.controller.PostController] [http-nio-8080-exec-7]- num : 1, id : test001, pwd : 001!@#$
2021/08/21 19:26:18,689 [INFO] [com.example.controller.PostController] [http-nio-8080-exec-8]- header : {content-type=application/json, user-agent=PostmanRuntime/7.28.3, accept=*/*, cache-control=no-cache, postman-token=422df4ab-75e6-45ba-8852-4da3ecdc3967, host=localhost:8080, accept-encoding=gzip, deflate, br, connection=keep-alive, content-length=61}
2021/08/21 19:26:18,689 [INFO] [com.example.controller.PostController] [http-nio-8080-exec-8]- body : {
    "num": 2
  , "id": "test002"
  , "pwd": "002!@#$"
}
2021/08/21 19:26:21,336 [INFO] [com.example.controller.PostController] [http-nio-8080-exec-9]- body : num : 3, id : test003, pwd : 003!@#$
2021/08/21 19:26:32,776 [INFO] [com.example.controller.PostController] [http-nio-8080-exec-10]- header : {content-type=application/json, user-agent=PostmanRuntime/7.28.3, accept=*/*, cache-control=no-cache, postman-token=b1711dc2-ea27-4698-b329-08dda75e427e, host=localhost:8080, accept-encoding=gzip, deflate, br, connection=keep-alive, content-length=18}
2021/08/21 19:26:32,777 [INFO] [com.example.controller.PostController] [http-nio-8080-exec-10]- body : {num=1}
2021/08/21 19:26:32,779 [INFO] [net.sf.log4jdbc.log.slf4j.Slf4jSpyLogDelegator] [http-nio-8080-exec-10]- SELECT 1
 {executed in 0 msec}
2021/08/21 19:26:32,784 [INFO] [net.sf.log4jdbc.log.slf4j.Slf4jSpyLogDelegator] [http-nio-8080-exec-10]- DELETE 
          FROM user
         WHERE num = 1
 {executed in 2 msec}
2021/08/21 19:27:15,499 [INFO] [com.example.controller.GetController] [http-nio-8080-exec-2]- header : {user-agent=PostmanRuntime/7.28.3, accept=*/*, cache-control=no-cache, postman-token=2cf85bab-5094-4261-9326-d02dd35a173c, host=localhost:8080, accept-encoding=gzip, deflate, br, connection=keep-alive}
2021/08/21 19:27:15,501 [INFO] [net.sf.log4jdbc.log.slf4j.Slf4jSpyLogDelegator] [http-nio-8080-exec-2]- SELECT 1
 {executed in 1 msec}
2021/08/21 19:27:15,503 [INFO] [net.sf.log4jdbc.log.slf4j.Slf4jSpyLogDelegator] [http-nio-8080-exec-2]- SELECT num
             , id
             , pwd
          FROM user
 {executed in 1 msec}
2021/08/21 19:27:15,509 [INFO] [net.sf.log4jdbc.log.slf4j.Slf4jSpyLogDelegator] [http-nio-8080-exec-2]- 
|----|--------|--------|
|num |id      |pwd     |
|----|--------|--------|
|2   |test002 |002!@#$ |
|3   |test003 |003!@#$ |
|4   |test004 |004!@#$ |
|5   |test005 |005!@#$ |
|6   |test006 |006!@#$ |
|7   |test007 |007!@#$ |
|8   |test008 |008!@#$ |
|9   |test009 |009!@#$ |
|10  |test010 |010!@#$ |
|----|--------|--------|

2021/08/21 19:27:15,511 [INFO] [com.example.service.GetService] [http-nio-8080-exec-2]- num : 2, id : test002, pwd : 002!@#$
2021/08/21 19:27:15,513 [INFO] [com.example.service.GetService] [http-nio-8080-exec-2]- num : 3, id : test003, pwd : 003!@#$
2021/08/21 19:27:15,513 [INFO] [com.example.service.GetService] [http-nio-8080-exec-2]- num : 4, id : test004, pwd : 004!@#$
2021/08/21 19:27:15,514 [INFO] [com.example.service.GetService] [http-nio-8080-exec-2]- num : 5, id : test005, pwd : 005!@#$
2021/08/21 19:27:15,515 [INFO] [com.example.service.GetService] [http-nio-8080-exec-2]- num : 6, id : test006, pwd : 006!@#$
2021/08/21 19:27:15,516 [INFO] [com.example.service.GetService] [http-nio-8080-exec-2]- num : 7, id : test007, pwd : 007!@#$
2021/08/21 19:27:15,518 [INFO] [com.example.service.GetService] [http-nio-8080-exec-2]- num : 8, id : test008, pwd : 008!@#$
2021/08/21 19:27:15,519 [INFO] [com.example.service.GetService] [http-nio-8080-exec-2]- num : 9, id : test009, pwd : 009!@#$
2021/08/21 19:27:15,519 [INFO] [com.example.service.GetService] [http-nio-8080-exec-2]- num : 10, id : test010, pwd : 010!@#$
2021/08/21 19:27:15,520 [INFO] [com.example.service.GetService] [http-nio-8080-exec-2]- result : [{num : 2, id : test002, pwd : 002!@#$},{num : 3, id : test003, pwd : 003!@#$},{num : 4, id : test004, pwd : 004!@#$},{num : 5, id : test005, pwd : 005!@#$},{num : 6, id : test006, pwd : 006!@#$},{num : 7, id : test007, pwd : 007!@#$},{num : 8, id : test008, pwd : 008!@#$},{num : 9, id : test009, pwd : 009!@#$},{num : 10, id : test010, pwd : 010!@#$}]
2021/08/21 19:27:32,992 [INFO] [com.example.controller.GetController] [http-nio-8080-exec-1]- header : {user-agent=PostmanRuntime/7.28.3, accept=*/*, cache-control=no-cache, postman-token=a5eef939-c151-4eda-9f5b-b926ab9b7d3a, host=localhost:8080, accept-encoding=gzip, deflate, br, connection=keep-alive}
2021/08/21 19:27:32,994 [INFO] [net.sf.log4jdbc.log.slf4j.Slf4jSpyLogDelegator] [http-nio-8080-exec-1]- SELECT 1
 {executed in 0 msec}
2021/08/21 19:27:32,996 [INFO] [net.sf.log4jdbc.log.slf4j.Slf4jSpyLogDelegator] [http-nio-8080-exec-1]- SELECT num
             , id
             , pwd
          FROM user
 {executed in 0 msec}
2021/08/21 19:27:33,002 [INFO] [net.sf.log4jdbc.log.slf4j.Slf4jSpyLogDelegator] [http-nio-8080-exec-1]- 
|----|--------|--------|
|num |id      |pwd     |
|----|--------|--------|
|2   |test002 |002!@#$ |
|3   |test003 |003!@#$ |
|4   |test004 |004!@#$ |
|5   |test005 |005!@#$ |
|6   |test006 |006!@#$ |
|7   |test007 |007!@#$ |
|8   |test008 |008!@#$ |
|9   |test009 |009!@#$ |
|10  |test010 |010!@#$ |
|----|--------|--------|

2021/08/21 19:27:33,003 [INFO] [com.example.service.GetService] [http-nio-8080-exec-1]- num : 2, id : test002, pwd : 002!@#$
2021/08/21 19:27:33,004 [INFO] [com.example.service.GetService] [http-nio-8080-exec-1]- num : 3, id : test003, pwd : 003!@#$
2021/08/21 19:27:33,004 [INFO] [com.example.service.GetService] [http-nio-8080-exec-1]- num : 4, id : test004, pwd : 004!@#$
2021/08/21 19:27:33,004 [INFO] [com.example.service.GetService] [http-nio-8080-exec-1]- num : 5, id : test005, pwd : 005!@#$
2021/08/21 19:27:33,005 [INFO] [com.example.service.GetService] [http-nio-8080-exec-1]- num : 6, id : test006, pwd : 006!@#$
2021/08/21 19:27:33,005 [INFO] [com.example.service.GetService] [http-nio-8080-exec-1]- num : 7, id : test007, pwd : 007!@#$
2021/08/21 19:27:33,005 [INFO] [com.example.service.GetService] [http-nio-8080-exec-1]- num : 8, id : test008, pwd : 008!@#$
2021/08/21 19:27:33,006 [INFO] [com.example.service.GetService] [http-nio-8080-exec-1]- num : 9, id : test009, pwd : 009!@#$
2021/08/21 19:27:33,006 [INFO] [com.example.service.GetService] [http-nio-8080-exec-1]- num : 10, id : test010, pwd : 010!@#$
2021/08/21 19:27:33,006 [INFO] [com.example.service.GetService] [http-nio-8080-exec-1]- result : [{num : 2, id : test002, pwd : 002!@#$},{num : 3, id : test003, pwd : 003!@#$},{num : 4, id : test004, pwd : 004!@#$},{num : 5, id : test005, pwd : 005!@#$},{num : 6, id : test006, pwd : 006!@#$},{num : 7, id : test007, pwd : 007!@#$},{num : 8, id : test008, pwd : 008!@#$},{num : 9, id : test009, pwd : 009!@#$},{num : 10, id : test010, pwd : 010!@#$}]
2021/08/21 19:29:46,393 [INFO] [org.springframework.boot.admin.SpringApplicationAdminMXBeanRegistrar$SpringApplicationAdmin] [RMI TCP Connection(14)-127.0.0.1]- Application shutdown requested.
2021/08/21 19:29:46,582 [INFO] [com.zaxxer.hikari.HikariDataSource] [RMI TCP Connection(14)-127.0.0.1]- HikariPool-1 - Shutdown initiated...
2021/08/21 19:29:46,585 [INFO] [com.zaxxer.hikari.HikariDataSource] [RMI TCP Connection(14)-127.0.0.1]- HikariPool-1 - Shutdown completed.
2021/08/21 19:31:19,634 [INFO] [org.springframework.boot.StartupInfoLogger] [main]- Starting RestApplication using Java 1.8.0_282 on 조주현-LAPTOP with PID 11732 (D:\study\srv_rest\workspace\rest\target\classes started by choju in D:\study\srv_rest\workspace\rest)
2021/08/21 19:31:19,650 [INFO] [org.springframework.boot.SpringApplication] [main]- No active profile set, falling back to default profiles: default
2021/08/21 19:31:20,933 [INFO] [org.springframework.boot.web.embedded.tomcat.TomcatWebServer] [main]- Tomcat initialized with port(s): 8080 (http)
2021/08/21 19:31:20,953 [INFO] [org.apache.juli.logging.DirectJDKLog] [main]- Initializing ProtocolHandler ["http-nio-8080"]
2021/08/21 19:31:20,954 [INFO] [org.apache.juli.logging.DirectJDKLog] [main]- Starting service [Tomcat]
2021/08/21 19:31:20,955 [INFO] [org.apache.juli.logging.DirectJDKLog] [main]- Starting Servlet engine: [Apache Tomcat/9.0.50]
2021/08/21 19:31:21,118 [INFO] [org.apache.juli.logging.DirectJDKLog] [main]- Initializing Spring embedded WebApplicationContext
2021/08/21 19:31:21,119 [INFO] [org.springframework.boot.web.servlet.context.ServletWebServerApplicationContext] [main]- Root WebApplicationContext: initialization completed in 1410 ms
2021/08/21 19:31:21,161 [INFO] [com.zaxxer.hikari.HikariDataSource] [main]- HikariPool-1 - Starting...
2021/08/21 19:31:21,421 [INFO] [com.zaxxer.hikari.pool.PoolBase] [main]- HikariPool-1 - Driver does not support get/set network timeout for connections. (net.sf.log4jdbc.sql.jdbcapi.ConnectionSpy.getNetworkTimeout()I)
2021/08/21 19:31:21,452 [INFO] [net.sf.log4jdbc.log.slf4j.Slf4jSpyLogDelegator] [main]- SELECT 1
 {executed in 13 msec}
2021/08/21 19:31:21,455 [INFO] [com.zaxxer.hikari.HikariDataSource] [main]- HikariPool-1 - Start completed.
2021/08/21 19:31:21,464 [INFO] [org.springframework.boot.autoconfigure.h2.H2ConsoleAutoConfiguration] [main]- H2 console available at '/h2-console'. Database available at 'jdbc:h2:file:./rest.db'
2021/08/21 19:31:22,290 [INFO] [net.sf.log4jdbc.log.slf4j.Slf4jSpyLogDelegator] [main]- SELECT 1
 {executed in 8 msec}
2021/08/21 19:31:22,297 [INFO] [net.sf.log4jdbc.log.slf4j.Slf4jSpyLogDelegator] [main]- DROP TABLE IF EXISTS user
 {executed in 3 msec}
2021/08/21 19:31:22,302 [INFO] [net.sf.log4jdbc.log.slf4j.Slf4jSpyLogDelegator] [main]- CREATE TABLE IF NOT EXISTS user ( num bigint auto_increment , id varchar( 24 ) NOT NULL , pwd varchar( 24 ) NOT NULL , primary key( num ) )
 {executed in 5 msec}
2021/08/21 19:31:22,305 [INFO] [net.sf.log4jdbc.log.slf4j.Slf4jSpyLogDelegator] [main]- INSERT INTO user( id, pwd ) VALUES( 'test001', '001!@#$' )
 {executed in 2 msec}
2021/08/21 19:31:22,306 [INFO] [net.sf.log4jdbc.log.slf4j.Slf4jSpyLogDelegator] [main]- INSERT INTO user( id, pwd ) VALUES( 'test002', '002!@#$' )
 {executed in 1 msec}
2021/08/21 19:31:22,306 [INFO] [net.sf.log4jdbc.log.slf4j.Slf4jSpyLogDelegator] [main]- INSERT INTO user( id, pwd ) VALUES( 'test003', '003!@#$' )
 {executed in 0 msec}
2021/08/21 19:31:22,307 [INFO] [net.sf.log4jdbc.log.slf4j.Slf4jSpyLogDelegator] [main]- INSERT INTO user( id, pwd ) VALUES( 'test004', '004!@#$' )
 {executed in 0 msec}
2021/08/21 19:31:22,308 [INFO] [net.sf.log4jdbc.log.slf4j.Slf4jSpyLogDelegator] [main]- INSERT INTO user( id, pwd ) VALUES( 'test005', '005!@#$' )
 {executed in 1 msec}
2021/08/21 19:31:22,309 [INFO] [net.sf.log4jdbc.log.slf4j.Slf4jSpyLogDelegator] [main]- INSERT INTO user( id, pwd ) VALUES( 'test006', '006!@#$' )
 {executed in 0 msec}
2021/08/21 19:31:22,309 [INFO] [net.sf.log4jdbc.log.slf4j.Slf4jSpyLogDelegator] [main]- INSERT INTO user( id, pwd ) VALUES( 'test007', '007!@#$' )
 {executed in 0 msec}
2021/08/21 19:31:22,310 [INFO] [net.sf.log4jdbc.log.slf4j.Slf4jSpyLogDelegator] [main]- INSERT INTO user( id, pwd ) VALUES( 'test008', '008!@#$' )
 {executed in 0 msec}
2021/08/21 19:31:22,311 [INFO] [net.sf.log4jdbc.log.slf4j.Slf4jSpyLogDelegator] [main]- INSERT INTO user( id, pwd ) VALUES( 'test009', '009!@#$' )
 {executed in 0 msec}
2021/08/21 19:31:22,311 [INFO] [net.sf.log4jdbc.log.slf4j.Slf4jSpyLogDelegator] [main]- INSERT INTO user( id, pwd ) VALUES( 'test010', '010!@#$' )
 {executed in 0 msec}
2021/08/21 19:31:22,367 [INFO] [org.apache.juli.logging.DirectJDKLog] [main]- Starting ProtocolHandler ["http-nio-8080"]
2021/08/21 19:31:22,388 [INFO] [org.springframework.boot.web.embedded.tomcat.TomcatWebServer] [main]- Tomcat started on port(s): 8080 (http) with context path ''
2021/08/21 19:31:22,399 [INFO] [org.springframework.boot.StartupInfoLogger] [main]- Started RestApplication in 3.431 seconds (JVM running for 5.004)
2021/08/21 19:31:22,401 [INFO] [com.example.RestApplication] [main]- ---원본 args---
2021/08/21 19:31:22,401 [INFO] [com.example.RestApplication] [main]- --spring.output.ansi.enabled=always
2021/08/21 19:31:22,401 [INFO] [com.example.RestApplication] [main]- ---옵션아닌 args---
2021/08/21 19:31:22,401 [INFO] [com.example.RestApplication] [main]- ---옵션 args---
2021/08/21 19:31:22,401 [INFO] [com.example.RestApplication] [main]- spring.output.ansi.enabled : always
2021/08/21 19:31:35,472 [INFO] [org.apache.juli.logging.DirectJDKLog] [http-nio-8080-exec-1]- Initializing Spring DispatcherServlet 'dispatcherServlet'
2021/08/21 19:31:35,473 [INFO] [org.springframework.web.servlet.FrameworkServlet] [http-nio-8080-exec-1]- Initializing Servlet 'dispatcherServlet'
2021/08/21 19:31:35,475 [INFO] [org.springframework.web.servlet.FrameworkServlet] [http-nio-8080-exec-1]- Completed initialization in 1 ms
2021/08/21 19:31:35,525 [INFO] [com.example.controller.GetController] [http-nio-8080-exec-1]- header : {user-agent=PostmanRuntime/7.28.3, accept=*/*, cache-control=no-cache, postman-token=bd82e569-b5a6-44b3-96e6-171a6a46a51e, host=localhost:8080, accept-encoding=gzip, deflate, br, connection=keep-alive}
2021/08/21 19:31:35,582 [INFO] [net.sf.log4jdbc.log.slf4j.Slf4jSpyLogDelegator] [http-nio-8080-exec-1]- SELECT 1
 {executed in 1 msec}
2021/08/21 19:31:35,597 [INFO] [net.sf.log4jdbc.log.slf4j.Slf4jSpyLogDelegator] [http-nio-8080-exec-1]- SELECT num
             , id
             , pwd
          FROM user

         WHERE num = 1
 {executed in 0 msec}
2021/08/21 19:31:35,615 [INFO] [net.sf.log4jdbc.log.slf4j.Slf4jSpyLogDelegator] [http-nio-8080-exec-1]- 
|----|--------|--------|
|num |id      |pwd     |
|----|--------|--------|
|1   |test001 |001!@#$ |
|----|--------|--------|

2021/08/21 19:31:35,617 [INFO] [com.example.service.GetService] [http-nio-8080-exec-1]- num : 1, id : test001, pwd : 001!@#$
2021/08/21 19:31:35,617 [INFO] [com.example.service.GetService] [http-nio-8080-exec-1]- result : [{num : 1, id : test001, pwd : 001!@#$}]
2021/08/21 19:31:46,986 [INFO] [com.example.controller.GetController] [http-nio-8080-exec-3]- header : {user-agent=PostmanRuntime/7.28.3, accept=*/*, cache-control=no-cache, postman-token=8db8d2cb-565d-45fe-801e-713254910d4e, host=localhost:8080, accept-encoding=gzip, deflate, br, connection=keep-alive}
2021/08/21 19:31:46,988 [INFO] [net.sf.log4jdbc.log.slf4j.Slf4jSpyLogDelegator] [http-nio-8080-exec-3]- SELECT 1
 {executed in 1 msec}
2021/08/21 19:31:46,990 [INFO] [net.sf.log4jdbc.log.slf4j.Slf4jSpyLogDelegator] [http-nio-8080-exec-3]- SELECT num
             , id
             , pwd
          FROM user
 {executed in 1 msec}
2021/08/21 19:31:46,996 [INFO] [net.sf.log4jdbc.log.slf4j.Slf4jSpyLogDelegator] [http-nio-8080-exec-3]- 
|----|--------|--------|
|num |id      |pwd     |
|----|--------|--------|
|1   |test001 |001!@#$ |
|2   |test002 |002!@#$ |
|3   |test003 |003!@#$ |
|4   |test004 |004!@#$ |
|5   |test005 |005!@#$ |
|6   |test006 |006!@#$ |
|7   |test007 |007!@#$ |
|8   |test008 |008!@#$ |
|9   |test009 |009!@#$ |
|10  |test010 |010!@#$ |
|----|--------|--------|

2021/08/21 19:31:46,997 [INFO] [com.example.service.GetService] [http-nio-8080-exec-3]- num : 1, id : test001, pwd : 001!@#$
2021/08/21 19:31:46,997 [INFO] [com.example.service.GetService] [http-nio-8080-exec-3]- num : 2, id : test002, pwd : 002!@#$
2021/08/21 19:31:46,998 [INFO] [com.example.service.GetService] [http-nio-8080-exec-3]- num : 3, id : test003, pwd : 003!@#$
2021/08/21 19:31:46,998 [INFO] [com.example.service.GetService] [http-nio-8080-exec-3]- num : 4, id : test004, pwd : 004!@#$
2021/08/21 19:31:46,999 [INFO] [com.example.service.GetService] [http-nio-8080-exec-3]- num : 5, id : test005, pwd : 005!@#$
2021/08/21 19:31:46,999 [INFO] [com.example.service.GetService] [http-nio-8080-exec-3]- num : 6, id : test006, pwd : 006!@#$
2021/08/21 19:31:46,999 [INFO] [com.example.service.GetService] [http-nio-8080-exec-3]- num : 7, id : test007, pwd : 007!@#$
2021/08/21 19:31:47,000 [INFO] [com.example.service.GetService] [http-nio-8080-exec-3]- num : 8, id : test008, pwd : 008!@#$
2021/08/21 19:31:47,000 [INFO] [com.example.service.GetService] [http-nio-8080-exec-3]- num : 9, id : test009, pwd : 009!@#$
2021/08/21 19:31:47,001 [INFO] [com.example.service.GetService] [http-nio-8080-exec-3]- num : 10, id : test010, pwd : 010!@#$
2021/08/21 19:31:47,001 [INFO] [com.example.service.GetService] [http-nio-8080-exec-3]- result : [{num : 1, id : test001, pwd : 001!@#$},{num : 2, id : test002, pwd : 002!@#$},{num : 3, id : test003, pwd : 003!@#$},{num : 4, id : test004, pwd : 004!@#$},{num : 5, id : test005, pwd : 005!@#$},{num : 6, id : test006, pwd : 006!@#$},{num : 7, id : test007, pwd : 007!@#$},{num : 8, id : test008, pwd : 008!@#$},{num : 9, id : test009, pwd : 009!@#$},{num : 10, id : test010, pwd : 010!@#$}]
2021/08/21 19:31:56,875 [INFO] [org.springframework.boot.admin.SpringApplicationAdminMXBeanRegistrar$SpringApplicationAdmin] [RMI TCP Connection(10)-127.0.0.1]- Application shutdown requested.
2021/08/21 19:31:57,058 [INFO] [com.zaxxer.hikari.HikariDataSource] [RMI TCP Connection(10)-127.0.0.1]- HikariPool-1 - Shutdown initiated...
2021/08/21 19:31:57,060 [INFO] [com.zaxxer.hikari.HikariDataSource] [RMI TCP Connection(10)-127.0.0.1]- HikariPool-1 - Shutdown completed.
